<?xml version="1.0" encoding="UTF-8"?>
<!-- Generated by org.testng.reporters.JUnitXMLReporter -->
<testsuite hostname="丹哥" ignored="16" name="Test2" tests="10" failures="1" timestamp="06 七月 2018 02:25:42 GMT" time="39.319" errors="0">
  <testcase name="vicubeLogin" time="3.589" classname="com.test.testcases.VicubeSystemSetup"/>
  <testcase name="systemSetting" time="5.571" classname="com.test.testcases.VicubeSystemSetup"/>
  <testcase name="userManagement" time="1.328" classname="com.test.testcases.VicubeSystemSetup"/>
  <testcase name="clickSelectButton" time="1.241" classname="com.test.testcases.VicubeSystemSetup"/>
  <testcase name="userEditSaveSelect" time="5.828" classname="com.test.testcases.VicubeSystemSetup"/>
  <testcase name="userAssignmentGroup" time="3.717" classname="com.test.testcases.VicubeSystemSetup"/>
  <testcase name="userChangeState" time="2.594" classname="com.test.testcases.VicubeSystemSetup"/>
  <testcase name="userLogoutSystem" time="1.602" classname="com.test.testcases.VicubeSystemSetup"/>
  <testcase name="userLogin" time="2.449" classname="com.test.testcases.VicubeSystemSetup"/>
  <testcase name="userViewConfig" time="1.684" classname="com.test.testcases.VicubeSystemSetup">
    <failure type="org.openqa.selenium.StaleElementReferenceException" message="stale element reference: element is not attached to the page document
  (Session info: chrome=66.0.3359.139)
  (Driver info: chromedriver=2.36.540470 (e522d04694c7ebea4ba8821272dbef4f9b818c91),platform=Windows NT 10.0.16299 x86_64) (WARNING: The server did not provide any stacktrace information)
Command duration or timeout: 0 milliseconds
For documentation on this error, please visit: http://seleniumhq.org/exceptions/stale_element_reference.html
Build info: version: &amp;apos;3.10.0&amp;apos;, revision: &amp;apos;176b4a9&amp;apos;, time: &amp;apos;2018-03-02T19:03:16.397Z&amp;apos;
System info: host: &amp;apos;丹哥&amp;apos;, ip: &amp;apos;192.168.20.18&amp;apos;, os.name: &amp;apos;Windows 8.1&amp;apos;, os.arch: &amp;apos;amd64&amp;apos;, os.version: &amp;apos;6.3&amp;apos;, java.version: &amp;apos;1.8.0_40-ea&amp;apos;
Driver info: org.openqa.selenium.chrome.ChromeDriver
Capabilities {acceptInsecureCerts: false, acceptSslCerts: false, applicationCacheEnabled: false, browserConnectionEnabled: false, browserName: chrome, chrome: {chromedriverVersion: 2.36.540470 (e522d04694c7eb..., userDataDir: C:\Users\丹哥\AppData\Local\T...}, cssSelectorsEnabled: true, databaseEnabled: false, handlesAlerts: true, hasTouchScreen: false, javascriptEnabled: true, locationContextEnabled: true, mobileEmulationEnabled: false, nativeEvents: true, networkConnectionEnabled: false, pageLoadStrategy: normal, platform: XP, platformName: XP, rotatable: false, setWindowRect: true, takesHeapSnapshot: true, takesScreenshot: true, unexpectedAlertBehaviour: , unhandledPromptBehavior: , version: 66.0.3359.139, webStorageEnabled: true}
Session ID: a9acb15915a791299cba1ed9c4820f66">
        <![CDATA[org.openqa.selenium.StaleElementReferenceException: stale element reference: element is not attached to the page document  (Session info: chrome=66.0.3359.139)  (Driver info: chromedriver=2.36.540470 (e522d04694c7ebea4ba8821272dbef4f9b818c91),platform=Windows NT 10.0.16299 x86_64) (WARNING: The server did not provide any stacktrace information)Command duration or timeout: 0 millisecondsFor documentation on this error, please visit: http://seleniumhq.org/exceptions/stale_element_reference.htmlBuild info: version: '3.10.0', revision: '176b4a9', time: '2018-03-02T19:03:16.397Z'System info: host: '丹哥', ip: '192.168.20.18', os.name: 'Windows 8.1', os.arch: 'amd64', os.version: '6.3', java.version: '1.8.0_40-ea'Driver info: org.openqa.selenium.chrome.ChromeDriverCapabilities {acceptInsecureCerts: false, acceptSslCerts: false, applicationCacheEnabled: false, browserConnectionEnabled: false, browserName: chrome, chrome: {chromedriverVersion: 2.36.540470 (e522d04694c7eb..., userDataDir: C:\Users\丹哥\AppData\Local\T...}, cssSelectorsEnabled: true, databaseEnabled: false, handlesAlerts: true, hasTouchScreen: false, javascriptEnabled: true, locationContextEnabled: true, mobileEmulationEnabled: false, nativeEvents: true, networkConnectionEnabled: false, pageLoadStrategy: normal, platform: XP, platformName: XP, rotatable: false, setWindowRect: true, takesHeapSnapshot: true, takesScreenshot: true, unexpectedAlertBehaviour: , unhandledPromptBehavior: , version: 66.0.3359.139, webStorageEnabled: true}Session ID: a9acb15915a791299cba1ed9c4820f66at org.openqa.selenium.remote.ErrorHandler.createThrowable(ErrorHandler.java:214)at org.openqa.selenium.remote.ErrorHandler.throwIfResponseFailed(ErrorHandler.java:166)at org.openqa.selenium.remote.http.JsonHttpResponseCodec.reconstructValue(JsonHttpResponseCodec.java:40)at org.openqa.selenium.remote.http.AbstractHttpResponseCodec.decode(AbstractHttpResponseCodec.java:80)at org.openqa.selenium.remote.http.AbstractHttpResponseCodec.decode(AbstractHttpResponseCodec.java:44)at org.openqa.selenium.remote.HttpCommandExecutor.execute(HttpCommandExecutor.java:160)at org.openqa.selenium.remote.service.DriverCommandExecutor.execute(DriverCommandExecutor.java:83)at org.openqa.selenium.remote.RemoteWebDriver.execute(RemoteWebDriver.java:601)at org.openqa.selenium.remote.RemoteWebElement.execute(RemoteWebElement.java:279)at org.openqa.selenium.remote.RemoteWebElement.getText(RemoteWebElement.java:160)at com.test.testcases.VicubeSystemSetup.userViewConfig(VicubeSystemConfigOfUserManager.java:953)... Removed 28 stack frames]]>
    </failure>
  </testcase> <!-- userViewConfig -->
  <testcase name="workingGroupManagementGreate" time="0.0" classname="com.test.testcases.VicubeSystemSetup">
    <ignored/>
  </testcase> <!-- workingGroupManagementGreate -->
  <testcase name="commonSave" time="0.0" classname="com.test.testcases.VicubeSystemSetup">
    <ignored/>
  </testcase> <!-- commonSave -->
  <testcase name="userCreateSave" time="0.0" classname="com.test.testcases.VicubeSystemSetup">
    <ignored/>
  </testcase> <!-- userCreateSave -->
  <testcase name="userEditCancel" time="0.0" classname="com.test.testcases.VicubeSystemSetup">
    <ignored/>
  </testcase> <!-- userEditCancel -->
  <testcase name="userResetPassword" time="0.0" classname="com.test.testcases.VicubeSystemSetup">
    <ignored/>
  </testcase> <!-- userResetPassword -->
  <testcase name="userAllocationPrivilegeSave" time="0.0" classname="com.test.testcases.VicubeSystemSetup">
    <ignored/>
  </testcase> <!-- userAllocationPrivilegeSave -->
  <testcase name="workingGroupManagement" time="0.0" classname="com.test.testcases.VicubeSystemSetup">
    <ignored/>
  </testcase> <!-- workingGroupManagement -->
  <testcase name="userDelete" time="0.0" classname="com.test.testcases.VicubeSystemSetup">
    <ignored/>
  </testcase> <!-- userDelete -->
  <testcase name="userCreateCancel" time="0.0" classname="com.test.testcases.VicubeSystemSetup">
    <ignored/>
  </testcase> <!-- userCreateCancel -->
  <testcase name="workingGroupManagementSelect" time="0.0" classname="com.test.testcases.VicubeSystemSetup">
    <ignored/>
  </testcase> <!-- workingGroupManagementSelect -->
  <testcase name="chooseUserButton" time="0.0" classname="com.test.testcases.VicubeSystemSetup">
    <ignored/>
  </testcase> <!-- chooseUserButton -->
  <testcase name="userEdit" time="0.0" classname="com.test.testcases.VicubeSystemSetup">
    <ignored/>
  </testcase> <!-- userEdit -->
  <testcase name="userInvalidLogin" time="0.0" classname="com.test.testcases.VicubeSystemSetup">
    <ignored/>
  </testcase> <!-- userInvalidLogin -->
  <testcase name="userAllocationPrivilege" time="0.0" classname="com.test.testcases.VicubeSystemSetup">
    <ignored/>
  </testcase> <!-- userAllocationPrivilege -->
  <testcase name="userManagementCreate" time="0.0" classname="com.test.testcases.VicubeSystemSetup">
    <ignored/>
  </testcase> <!-- userManagementCreate -->
  <testcase name="userSelect" time="0.0" classname="com.test.testcases.VicubeSystemSetup">
    <ignored/>
  </testcase> <!-- userSelect -->
</testsuite> <!-- Test2 -->
