<?xml version="1.0" encoding="UTF-8"?>
<!-- Generated by org.testng.reporters.JUnitXMLReporter -->
<testsuite hostname="LostYouth" ignored="29" name="Test1" tests="8" failures="2" timestamp="05 九月 2018 06:59:23 GMT" time="29.651" errors="0">
  <testcase name="vicubeLogin" time="3.552" classname="com.testcases.VicubeSystem"/>
  <testcase name="systemSetting" time="5.41" classname="com.testcases.VicubeSystem"/>
  <testcase name="userManagement" time="1.088" classname="com.testcases.VicubeSystem"/>
  <testcase name="clickSelectButton" time="1.147" classname="com.testcases.VicubeSystem"/>
  <testcase name="userEditSaveSelect" time="5.208" classname="com.testcases.VicubeSystem"/>
  <testcase name="userDelete" time="3.395" classname="com.testcases.VicubeSystem"/>
  <testcase name="workingGroupManagement" time="1.077" classname="com.testcases.VicubeSystem">
    <failure type="org.openqa.selenium.WebDriverException" message="unknown error: Element &amp;lt;a ui-sref=&amp;quot;vic.group.list&amp;quot; href=&amp;quot;#/vic/group/list&amp;quot;&amp;gt;...&amp;lt;/a&amp;gt; is not clickable at point (125, 355). Other element would receive the click: &amp;lt;div class=&amp;quot;ngdialog-overlay&amp;quot;&amp;gt;&amp;lt;/div&amp;gt;
  (Session info: chrome=68.0.3440.106)
  (Driver info: chromedriver=2.36.540470 (e522d04694c7ebea4ba8821272dbef4f9b818c91),platform=Windows NT 10.0.17134 x86_64) (WARNING: The server did not provide any stacktrace information)
Command duration or timeout: 0 milliseconds
Build info: version: &amp;apos;3.10.0&amp;apos;, revision: &amp;apos;176b4a9&amp;apos;, time: &amp;apos;2018-03-02T19:03:16.397Z&amp;apos;
System info: host: &amp;apos;LOSTYOUTH&amp;apos;, ip: &amp;apos;192.168.109.1&amp;apos;, os.name: &amp;apos;Windows 10&amp;apos;, os.arch: &amp;apos;amd64&amp;apos;, os.version: &amp;apos;10.0&amp;apos;, java.version: &amp;apos;1.8.0_181&amp;apos;
Driver info: org.openqa.selenium.chrome.ChromeDriver
Capabilities {acceptInsecureCerts: false, acceptSslCerts: false, applicationCacheEnabled: false, browserConnectionEnabled: false, browserName: chrome, chrome: {chromedriverVersion: 2.36.540470 (e522d04694c7eb..., userDataDir: C:\Users\丹哥\AppData\Local\T...}, cssSelectorsEnabled: true, databaseEnabled: false, handlesAlerts: true, hasTouchScreen: false, javascriptEnabled: true, locationContextEnabled: true, mobileEmulationEnabled: false, nativeEvents: true, networkConnectionEnabled: false, pageLoadStrategy: normal, platform: XP, platformName: XP, rotatable: false, setWindowRect: true, takesHeapSnapshot: true, takesScreenshot: true, unexpectedAlertBehaviour: , unhandledPromptBehavior: , version: 68.0.3440.106, webStorageEnabled: true}
Session ID: 161a36675d71228ed409428e97950bc6">
      <![CDATA[org.openqa.selenium.WebDriverException: unknown error: Element <a ui-sref="vic.group.list" href="#/vic/group/list">...</a> is not clickable at point (125, 355). Other element would receive the click: <div class="ngdialog-overlay"></div>
  (Session info: chrome=68.0.3440.106)
  (Driver info: chromedriver=2.36.540470 (e522d04694c7ebea4ba8821272dbef4f9b818c91),platform=Windows NT 10.0.17134 x86_64) (WARNING: The server did not provide any stacktrace information)
Command duration or timeout: 0 milliseconds
Build info: version: '3.10.0', revision: '176b4a9', time: '2018-03-02T19:03:16.397Z'
System info: host: 'LOSTYOUTH', ip: '192.168.109.1', os.name: 'Windows 10', os.arch: 'amd64', os.version: '10.0', java.version: '1.8.0_181'
Driver info: org.openqa.selenium.chrome.ChromeDriver
Capabilities {acceptInsecureCerts: false, acceptSslCerts: false, applicationCacheEnabled: false, browserConnectionEnabled: false, browserName: chrome, chrome: {chromedriverVersion: 2.36.540470 (e522d04694c7eb..., userDataDir: C:\Users\丹哥\AppData\Local\T...}, cssSelectorsEnabled: true, databaseEnabled: false, handlesAlerts: true, hasTouchScreen: false, javascriptEnabled: true, locationContextEnabled: true, mobileEmulationEnabled: false, nativeEvents: true, networkConnectionEnabled: false, pageLoadStrategy: normal, platform: XP, platformName: XP, rotatable: false, setWindowRect: true, takesHeapSnapshot: true, takesScreenshot: true, unexpectedAlertBehaviour: , unhandledPromptBehavior: , version: 68.0.3440.106, webStorageEnabled: true}
Session ID: 161a36675d71228ed409428e97950bc6
at org.openqa.selenium.remote.ErrorHandler.createThrowable(ErrorHandler.java:214)
at org.openqa.selenium.remote.ErrorHandler.throwIfResponseFailed(ErrorHandler.java:166)
at org.openqa.selenium.remote.http.JsonHttpResponseCodec.reconstructValue(JsonHttpResponseCodec.java:40)
at org.openqa.selenium.remote.http.AbstractHttpResponseCodec.decode(AbstractHttpResponseCodec.java:80)
at org.openqa.selenium.remote.http.AbstractHttpResponseCodec.decode(AbstractHttpResponseCodec.java:44)
at org.openqa.selenium.remote.HttpCommandExecutor.execute(HttpCommandExecutor.java:160)
at org.openqa.selenium.remote.service.DriverCommandExecutor.execute(DriverCommandExecutor.java:83)
at org.openqa.selenium.remote.RemoteWebDriver.execute(RemoteWebDriver.java:601)
at org.openqa.selenium.remote.RemoteWebElement.execute(RemoteWebElement.java:279)
at org.openqa.selenium.remote.RemoteWebElement.click(RemoteWebElement.java:83)
at com.testcases.VicubeSystem.workingGroupManagement(VicubeSystem.java:177)
... Removed 28 stack frames]]>
    </failure>
  </testcase> <!-- workingGroupManagement -->
  <testcase name="workingGroupManagementSelect" time="1.108" classname="com.testcases.VicubeSystem">
    <failure type="org.openqa.selenium.WebDriverException" message="unknown error: Element &amp;lt;a class=&amp;quot;btn btn-default btn-white m-r-5 m-b-5 btn-query-flag-NGT21C43520&amp;quot; tabindex=&amp;quot;0&amp;quot; aria-controls=&amp;quot;NGT21C43520&amp;quot; title=&amp;quot;显示/隐藏查询条件&amp;quot;&amp;gt;...&amp;lt;/a&amp;gt; is not clickable at point (823, 289). Other element would receive the click: &amp;lt;div class=&amp;quot;modal-footer&amp;quot;&amp;gt;...&amp;lt;/div&amp;gt;
  (Session info: chrome=68.0.3440.106)
  (Driver info: chromedriver=2.36.540470 (e522d04694c7ebea4ba8821272dbef4f9b818c91),platform=Windows NT 10.0.17134 x86_64) (WARNING: The server did not provide any stacktrace information)
Command duration or timeout: 0 milliseconds
Build info: version: &amp;apos;3.10.0&amp;apos;, revision: &amp;apos;176b4a9&amp;apos;, time: &amp;apos;2018-03-02T19:03:16.397Z&amp;apos;
System info: host: &amp;apos;LOSTYOUTH&amp;apos;, ip: &amp;apos;192.168.109.1&amp;apos;, os.name: &amp;apos;Windows 10&amp;apos;, os.arch: &amp;apos;amd64&amp;apos;, os.version: &amp;apos;10.0&amp;apos;, java.version: &amp;apos;1.8.0_181&amp;apos;
Driver info: org.openqa.selenium.chrome.ChromeDriver
Capabilities {acceptInsecureCerts: false, acceptSslCerts: false, applicationCacheEnabled: false, browserConnectionEnabled: false, browserName: chrome, chrome: {chromedriverVersion: 2.36.540470 (e522d04694c7eb..., userDataDir: C:\Users\丹哥\AppData\Local\T...}, cssSelectorsEnabled: true, databaseEnabled: false, handlesAlerts: true, hasTouchScreen: false, javascriptEnabled: true, locationContextEnabled: true, mobileEmulationEnabled: false, nativeEvents: true, networkConnectionEnabled: false, pageLoadStrategy: normal, platform: XP, platformName: XP, rotatable: false, setWindowRect: true, takesHeapSnapshot: true, takesScreenshot: true, unexpectedAlertBehaviour: , unhandledPromptBehavior: , version: 68.0.3440.106, webStorageEnabled: true}
Session ID: 161a36675d71228ed409428e97950bc6">
      <![CDATA[org.openqa.selenium.WebDriverException: unknown error: Element <a class="btn btn-default btn-white m-r-5 m-b-5 btn-query-flag-NGT21C43520" tabindex="0" aria-controls="NGT21C43520" title="显示/隐藏查询条件">...</a> is not clickable at point (823, 289). Other element would receive the click: <div class="modal-footer">...</div>
  (Session info: chrome=68.0.3440.106)
  (Driver info: chromedriver=2.36.540470 (e522d04694c7ebea4ba8821272dbef4f9b818c91),platform=Windows NT 10.0.17134 x86_64) (WARNING: The server did not provide any stacktrace information)
Command duration or timeout: 0 milliseconds
Build info: version: '3.10.0', revision: '176b4a9', time: '2018-03-02T19:03:16.397Z'
System info: host: 'LOSTYOUTH', ip: '192.168.109.1', os.name: 'Windows 10', os.arch: 'amd64', os.version: '10.0', java.version: '1.8.0_181'
Driver info: org.openqa.selenium.chrome.ChromeDriver
Capabilities {acceptInsecureCerts: false, acceptSslCerts: false, applicationCacheEnabled: false, browserConnectionEnabled: false, browserName: chrome, chrome: {chromedriverVersion: 2.36.540470 (e522d04694c7eb..., userDataDir: C:\Users\丹哥\AppData\Local\T...}, cssSelectorsEnabled: true, databaseEnabled: false, handlesAlerts: true, hasTouchScreen: false, javascriptEnabled: true, locationContextEnabled: true, mobileEmulationEnabled: false, nativeEvents: true, networkConnectionEnabled: false, pageLoadStrategy: normal, platform: XP, platformName: XP, rotatable: false, setWindowRect: true, takesHeapSnapshot: true, takesScreenshot: true, unexpectedAlertBehaviour: , unhandledPromptBehavior: , version: 68.0.3440.106, webStorageEnabled: true}
Session ID: 161a36675d71228ed409428e97950bc6
at org.openqa.selenium.remote.ErrorHandler.createThrowable(ErrorHandler.java:214)
at org.openqa.selenium.remote.ErrorHandler.throwIfResponseFailed(ErrorHandler.java:166)
at org.openqa.selenium.remote.http.JsonHttpResponseCodec.reconstructValue(JsonHttpResponseCodec.java:40)
at org.openqa.selenium.remote.http.AbstractHttpResponseCodec.decode(AbstractHttpResponseCodec.java:80)
at org.openqa.selenium.remote.http.AbstractHttpResponseCodec.decode(AbstractHttpResponseCodec.java:44)
at org.openqa.selenium.remote.HttpCommandExecutor.execute(HttpCommandExecutor.java:160)
at org.openqa.selenium.remote.service.DriverCommandExecutor.execute(DriverCommandExecutor.java:83)
at org.openqa.selenium.remote.RemoteWebDriver.execute(RemoteWebDriver.java:601)
at org.openqa.selenium.remote.RemoteWebElement.execute(RemoteWebElement.java:279)
at org.openqa.selenium.remote.RemoteWebElement.click(RemoteWebElement.java:83)
at com.testcases.VicubeSystem.workingGroupManagementSelect(VicubeSystem.java:950)
... Removed 28 stack frames]]>
    </failure>
  </testcase> <!-- workingGroupManagementSelect -->
  <testcase name="userEdit" time="0.0" classname="com.testcases.VicubeSystem">
    <ignored/>
  </testcase> <!-- userEdit -->
  <testcase name="userInvalidLogin" time="0.0" classname="com.testcases.VicubeSystem">
    <ignored/>
  </testcase> <!-- userInvalidLogin -->
  <testcase name="userChangeState" time="0.0" classname="com.testcases.VicubeSystem">
    <ignored/>
  </testcase> <!-- userChangeState -->
  <testcase name="userSelect" time="0.0" classname="com.testcases.VicubeSystem">
    <ignored/>
  </testcase> <!-- userSelect -->
  <testcase name="userLogoutSystem" time="0.0" classname="com.testcases.VicubeSystem">
    <ignored/>
  </testcase> <!-- userLogoutSystem -->
  <testcase name="auditManagement" time="0.0" classname="com.testcases.VicubeSystem">
    <ignored/>
  </testcase> <!-- auditManagement -->
  <testcase name="workingGroupManagementEditSelect" time="0.0" classname="com.testcases.VicubeSystem">
    <ignored/>
  </testcase> <!-- workingGroupManagementEditSelect -->
  <testcase name="workingGroupManagementEdit" time="0.0" classname="com.testcases.VicubeSystem">
    <ignored/>
  </testcase> <!-- workingGroupManagementEdit -->
  <testcase name="userEditCancel" time="0.0" classname="com.testcases.VicubeSystem">
    <ignored/>
  </testcase> <!-- userEditCancel -->
  <testcase name="auditManagementSelect" time="0.0" classname="com.testcases.VicubeSystem">
    <ignored/>
  </testcase> <!-- auditManagementSelect -->
  <testcase name="alarmConfig" time="0.0" classname="com.testcases.VicubeSystem">
    <ignored/>
  </testcase> <!-- alarmConfig -->
  <testcase name="denoiseStrategy" time="0.0" classname="com.testcases.VicubeSystem">
    <ignored/>
  </testcase> <!-- denoiseStrategy -->
  <testcase name="chooseUserButton" time="0.0" classname="com.testcases.VicubeSystem">
    <ignored/>
  </testcase> <!-- chooseUserButton -->
  <testcase name="userCreateCancel" time="0.0" classname="com.testcases.VicubeSystem">
    <ignored/>
  </testcase> <!-- userCreateCancel -->
  <testcase name="alarmClassifyRulesCreate" time="0.0" classname="com.testcases.VicubeSystem">
    <ignored/>
  </testcase> <!-- alarmClassifyRulesCreate -->
  <testcase name="userLogin" time="0.0" classname="com.testcases.VicubeSystem">
    <ignored/>
  </testcase> <!-- userLogin -->
  <testcase name="workingGroupManagementGreate" time="0.0" classname="com.testcases.VicubeSystem">
    <ignored/>
  </testcase> <!-- workingGroupManagementGreate -->
  <testcase name="userManagementCreate" time="0.0" classname="com.testcases.VicubeSystem">
    <ignored/>
  </testcase> <!-- userManagementCreate -->
  <testcase name="userAllocationPrivilege" time="0.0" classname="com.testcases.VicubeSystem">
    <ignored/>
  </testcase> <!-- userAllocationPrivilege -->
  <testcase name="userResetPassword" time="0.0" classname="com.testcases.VicubeSystem">
    <ignored/>
  </testcase> <!-- userResetPassword -->
  <testcase name="commonSave" time="0.0" classname="com.testcases.VicubeSystem">
    <ignored/>
  </testcase> <!-- commonSave -->
  <testcase name="userCreateSave" time="0.0" classname="com.testcases.VicubeSystem">
    <ignored/>
  </testcase> <!-- userCreateSave -->
  <testcase name="userViewConfig" time="0.0" classname="com.testcases.VicubeSystem">
    <ignored/>
  </testcase> <!-- userViewConfig -->
  <testcase name="denoiseStrategySelect" time="0.0" classname="com.testcases.VicubeSystem">
    <ignored/>
  </testcase> <!-- denoiseStrategySelect -->
  <testcase name="userAllocationPrivilegeSave" time="0.0" classname="com.testcases.VicubeSystem">
    <ignored/>
  </testcase> <!-- userAllocationPrivilegeSave -->
  <testcase name="userAssignmentGroup" time="0.0" classname="com.testcases.VicubeSystem">
    <ignored/>
  </testcase> <!-- userAssignmentGroup -->
  <testcase name="editSave" time="0.0" classname="com.testcases.VicubeSystem">
    <ignored/>
  </testcase> <!-- editSave -->
  <testcase name="auditManagementViewLog" time="0.0" classname="com.testcases.VicubeSystem">
    <ignored/>
  </testcase> <!-- auditManagementViewLog -->
  <testcase name="concentratedAlarm" time="0.0" classname="com.testcases.VicubeSystem">
    <ignored/>
  </testcase> <!-- concentratedAlarm -->
</testsuite> <!-- Test1 -->
