<html>
<head>
<title>TestNG:  Test1</title>
<link href="../testng.css" rel="stylesheet" type="text/css" />
<link href="../my-testng.css" rel="stylesheet" type="text/css" />

<style type="text/css">
.log { display: none;} 
.stack-trace { display: none;} 
</style>
<script type="text/javascript">
<!--
function flip(e) {
  current = e.style.display;
  if (current == 'block') {
    e.style.display = 'none';
    return 0;
  }
  else {
    e.style.display = 'block';
    return 1;
  }
}

function toggleBox(szDivId, elem, msg1, msg2)
{
  var res = -1;  if (document.getElementById) {
    res = flip(document.getElementById(szDivId));
  }
  else if (document.all) {
    // this is the way old msie versions work
    res = flip(document.all[szDivId]);
  }
  if(elem) {
    if(res == 0) elem.innerHTML = msg1; else elem.innerHTML = msg2;
  }

}

function toggleAllBoxes() {
  if (document.getElementsByTagName) {
    d = document.getElementsByTagName('div');
    for (i = 0; i < d.length; i++) {
      if (d[i].className == 'log') {
        flip(d[i]);
      }
    }
  }
}

// -->
</script>

</head>
<body>
<h2 align='center'>Test1</h2><table border='1' align="center">
<tr>
<td>Tests passed/Failed/Skipped:</td><td>6/2/0</td>
</tr><tr>
<td>Started on:</td><td>Wed Sep 05 14:58:53 CST 2018</td>
</tr>
<tr><td>Total time:</td><td>29 seconds (29651 ms)</td>
</tr><tr>
<td>Included groups:</td><td></td>
</tr><tr>
<td>Excluded groups:</td><td></td>
</tr>
</table><p/>
<small><i>(Hover the method name to see the test class name)</i></small><p/>
<table width='100%' border='1' class='invocation-failed'>
<tr><td colspan='4' align='center'><b>FAILED TESTS</b></td></tr>
<tr><td><b>Test method</b></td>
<td width="30%"><b>Exception</b></td>
<td width="10%"><b>Time (seconds)</b></td>
<td><b>Instance</b></td>
</tr>
<tr>
<td title='com.testcases.VicubeSystem.workingGroupManagement()'><b>workingGroupManagement</b><br>Test class: com.testcases.VicubeSystem<br>Parameters: {commonDenoiseStrategy=denoisestrategy, commonInvalid=invalid, createSave=save, commonChangeState=changestate, commonHint=commonhint, commonAllocationPrivilege=allocationprivilege, editNoteValue=我是编辑备注016, commonAllRules=allrules, workingGroupManagement=workinggroupmanagent, editPhoneValue=15000000016, userNameValue=user0015, editEmailValue=edit016@edit.com, responsibilityValue=岗位职责0015, editMobilePhoneValue=16000000016, commonAlarmConfig=alarmconfig, mobilephoneValue=16000000015, commonCraeteFlag=flag, commonCreate=create, contentKeywordValue=test内容关键词001, VicubeUrl=http://vicube.test.com:48080/h5, commonSelectValid=selctvalid, editNameValue=edit016, commonSelectInvalid=selctinvalid, nameValue=edit0015, phoneValue=15000000015, commonAffirm=commonaffirm, emailValue=edit0015@edit.com, commonValid=valid, editWorkingGroupNameValue=AutoTestGroupEdit, commonSelectFlag=selectflag, commonSelectAffirm=selectaffirm, commonSelectChoose=selectchooseuser, alarmClassifyRulesNameValue=test规则名称001, commonConcentratedAlarm=concentratedalarm, commonSelect=select, noteValue=我是备注015, editResponsibilityValue=edit岗位职责016, createWorkingGroupNameValue=AutoTestGroup}</td>
<td><div><pre>org.openqa.selenium.WebDriverException: unknown error: Element &lt;a ui-sref=&quot;vic.group.list&quot; href=&quot;#/vic/group/list&quot;&gt;...&lt;/a&gt; is not clickable at point (125, 355). Other element would receive the click: &lt;div class=&quot;ngdialog-overlay&quot;&gt;&lt;/div&gt;
  (Session info: chrome=68.0.3440.106)
  (Driver info: chromedriver=2.36.540470 (e522d04694c7ebea4ba8821272dbef4f9b818c91),platform=Windows NT 10.0.17134 x86_64) (WARNING: The server did not provide any stacktrace information)
Command duration or timeout: 0 milliseconds
Build info: version: &apos;3.10.0&apos;, revision: &apos;176b4a9&apos;, time: &apos;2018-03-02T19:03:16.397Z&apos;
System info: host: &apos;LOSTYOUTH&apos;, ip: &apos;192.168.109.1&apos;, os.name: &apos;Windows 10&apos;, os.arch: &apos;amd64&apos;, os.version: &apos;10.0&apos;, java.version: &apos;1.8.0_181&apos;
Driver info: org.openqa.selenium.chrome.ChromeDriver
Capabilities {acceptInsecureCerts: false, acceptSslCerts: false, applicationCacheEnabled: false, browserConnectionEnabled: false, browserName: chrome, chrome: {chromedriverVersion: 2.36.540470 (e522d04694c7eb..., userDataDir: C:\Users\丹哥\AppData\Local\T...}, cssSelectorsEnabled: true, databaseEnabled: false, handlesAlerts: true, hasTouchScreen: false, javascriptEnabled: true, locationContextEnabled: true, mobileEmulationEnabled: false, nativeEvents: true, networkConnectionEnabled: false, pageLoadStrategy: normal, platform: XP, platformName: XP, rotatable: false, setWindowRect: true, takesHeapSnapshot: true, takesScreenshot: true, unexpectedAlertBehaviour: , unhandledPromptBehavior: , version: 68.0.3440.106, webStorageEnabled: true}
Session ID: 161a36675d71228ed409428e97950bc6
	at org.openqa.selenium.remote.ErrorHandler.createThrowable(ErrorHandler.java:214)
	at org.openqa.selenium.remote.ErrorHandler.throwIfResponseFailed(ErrorHandler.java:166)
	at org.openqa.selenium.remote.http.JsonHttpResponseCodec.reconstructValue(JsonHttpResponseCodec.java:40)
	at org.openqa.selenium.remote.http.AbstractHttpResponseCodec.decode(AbstractHttpResponseCodec.java:80)
	at org.openqa.selenium.remote.http.AbstractHttpResponseCodec.decode(AbstractHttpResponseCodec.java:44)
	at org.openqa.selenium.remote.HttpCommandExecutor.execute(HttpCommandExecutor.java:160)
	at org.openqa.selenium.remote.service.DriverCommandExecutor.execute(DriverCommandExecutor.java:83)
	at org.openqa.selenium.remote.RemoteWebDriver.execute(RemoteWebDriver.java:601)
	at org.openqa.selenium.remote.RemoteWebElement.execute(RemoteWebElement.java:279)
	at org.openqa.selenium.remote.RemoteWebElement.click(RemoteWebElement.java:83)
	at com.testcases.VicubeSystem.workingGroupManagement(VicubeSystem.java:177)
... Removed 28 stack frames</pre></div><a href='#' onClick='toggleBox("stack-trace1752182275", this, "Click to show all stack frames", "Click to hide stack frames")'>Click to show all stack frames</a>
<div class='stack-trace' id='stack-trace1752182275'><pre>org.openqa.selenium.WebDriverException: unknown error: Element &lt;a ui-sref=&quot;vic.group.list&quot; href=&quot;#/vic/group/list&quot;&gt;...&lt;/a&gt; is not clickable at point (125, 355). Other element would receive the click: &lt;div class=&quot;ngdialog-overlay&quot;&gt;&lt;/div&gt;
  (Session info: chrome=68.0.3440.106)
  (Driver info: chromedriver=2.36.540470 (e522d04694c7ebea4ba8821272dbef4f9b818c91),platform=Windows NT 10.0.17134 x86_64) (WARNING: The server did not provide any stacktrace information)
Command duration or timeout: 0 milliseconds
Build info: version: &apos;3.10.0&apos;, revision: &apos;176b4a9&apos;, time: &apos;2018-03-02T19:03:16.397Z&apos;
System info: host: &apos;LOSTYOUTH&apos;, ip: &apos;192.168.109.1&apos;, os.name: &apos;Windows 10&apos;, os.arch: &apos;amd64&apos;, os.version: &apos;10.0&apos;, java.version: &apos;1.8.0_181&apos;
Driver info: org.openqa.selenium.chrome.ChromeDriver
Capabilities {acceptInsecureCerts: false, acceptSslCerts: false, applicationCacheEnabled: false, browserConnectionEnabled: false, browserName: chrome, chrome: {chromedriverVersion: 2.36.540470 (e522d04694c7eb..., userDataDir: C:\Users\丹哥\AppData\Local\T...}, cssSelectorsEnabled: true, databaseEnabled: false, handlesAlerts: true, hasTouchScreen: false, javascriptEnabled: true, locationContextEnabled: true, mobileEmulationEnabled: false, nativeEvents: true, networkConnectionEnabled: false, pageLoadStrategy: normal, platform: XP, platformName: XP, rotatable: false, setWindowRect: true, takesHeapSnapshot: true, takesScreenshot: true, unexpectedAlertBehaviour: , unhandledPromptBehavior: , version: 68.0.3440.106, webStorageEnabled: true}
Session ID: 161a36675d71228ed409428e97950bc6
	at sun.reflect.NativeConstructorAccessorImpl.newInstance0(Native Method)
	at sun.reflect.NativeConstructorAccessorImpl.newInstance(NativeConstructorAccessorImpl.java:62)
	at sun.reflect.DelegatingConstructorAccessorImpl.newInstance(DelegatingConstructorAccessorImpl.java:45)
	at java.lang.reflect.Constructor.newInstance(Constructor.java:423)
	at org.openqa.selenium.remote.ErrorHandler.createThrowable(ErrorHandler.java:214)
	at org.openqa.selenium.remote.ErrorHandler.throwIfResponseFailed(ErrorHandler.java:166)
	at org.openqa.selenium.remote.http.JsonHttpResponseCodec.reconstructValue(JsonHttpResponseCodec.java:40)
	at org.openqa.selenium.remote.http.AbstractHttpResponseCodec.decode(AbstractHttpResponseCodec.java:80)
	at org.openqa.selenium.remote.http.AbstractHttpResponseCodec.decode(AbstractHttpResponseCodec.java:44)
	at org.openqa.selenium.remote.HttpCommandExecutor.execute(HttpCommandExecutor.java:160)
	at org.openqa.selenium.remote.service.DriverCommandExecutor.execute(DriverCommandExecutor.java:83)
	at org.openqa.selenium.remote.RemoteWebDriver.execute(RemoteWebDriver.java:601)
	at org.openqa.selenium.remote.RemoteWebElement.execute(RemoteWebElement.java:279)
	at org.openqa.selenium.remote.RemoteWebElement.click(RemoteWebElement.java:83)
	at com.testcases.VicubeSystem.workingGroupManagement(VicubeSystem.java:177)
	at sun.reflect.NativeMethodAccessorImpl.invoke0(Native Method)
	at sun.reflect.NativeMethodAccessorImpl.invoke(NativeMethodAccessorImpl.java:62)
	at sun.reflect.DelegatingMethodAccessorImpl.invoke(DelegatingMethodAccessorImpl.java:43)
	at java.lang.reflect.Method.invoke(Method.java:498)
	at org.testng.internal.MethodInvocationHelper.invokeMethod(MethodInvocationHelper.java:124)
	at org.testng.internal.Invoker.invokeMethod(Invoker.java:583)
	at org.testng.internal.Invoker.invokeTestMethod(Invoker.java:719)
	at org.testng.internal.Invoker.invokeTestMethods(Invoker.java:989)
	at org.testng.internal.TestMethodWorker.invokeTestMethods(TestMethodWorker.java:125)
	at org.testng.internal.TestMethodWorker.run(TestMethodWorker.java:109)
	at org.testng.TestRunner.privateRun(TestRunner.java:648)
	at org.testng.TestRunner.run(TestRunner.java:505)
	at org.testng.SuiteRunner.runTest(SuiteRunner.java:455)
	at org.testng.SuiteRunner.runSequentially(SuiteRunner.java:450)
	at org.testng.SuiteRunner.privateRun(SuiteRunner.java:415)
	at org.testng.SuiteRunner.run(SuiteRunner.java:364)
	at org.testng.SuiteRunnerWorker.runSuite(SuiteRunnerWorker.java:52)
	at org.testng.SuiteRunnerWorker.run(SuiteRunnerWorker.java:84)
	at org.testng.TestNG.runSuitesSequentially(TestNG.java:1208)
	at org.testng.TestNG.runSuitesLocally(TestNG.java:1137)
	at org.testng.TestNG.runSuites(TestNG.java:1049)
	at org.testng.TestNG.run(TestNG.java:1017)
	at org.testng.IDEARemoteTestNG.run(IDEARemoteTestNG.java:72)
	at org.testng.RemoteTestNGStarter.main(RemoteTestNGStarter.java:123)
</pre></div></td>
<td>1</td>
<td>com.testcases.VicubeSystem@5c7fa833</td></tr>
<tr>
<td title='com.testcases.VicubeSystem.workingGroupManagementSelect()'><b>workingGroupManagementSelect</b><br>Test class: com.testcases.VicubeSystem<br>Parameters: {commonDenoiseStrategy=denoisestrategy, commonInvalid=invalid, createSave=save, commonChangeState=changestate, commonHint=commonhint, commonAllocationPrivilege=allocationprivilege, selectworkinggroupnameValue=selectworkinggroupname, editNoteValue=我是编辑备注016, commonAllRules=allrules, editPhoneValue=15000000016, userNameValue=user0015, editEmailValue=edit016@edit.com, responsibilityValue=岗位职责0015, inputSelectWorkingGroupname=inputselectworkinggroupname, editMobilePhoneValue=16000000016, commonAlarmConfig=alarmconfig, mobilephoneValue=16000000015, commonCraeteFlag=flag, commonCreate=create, contentKeywordValue=test内容关键词001, VicubeUrl=http://vicube.test.com:48080/h5, commonSelectValid=selctvalid, editNameValue=edit016, commonSelectInvalid=selctinvalid, nameValue=edit0015, phoneValue=15000000015, commonAffirm=commonaffirm, emailValue=edit0015@edit.com, selectWorkingGroupFlagValue=selectworkinggroupvalidflag, commonValid=valid, editWorkingGroupNameValue=AutoTestGroupEdit, commonSelectFlag=selectflag, commonSelectAffirm=selectaffirm, commonSelectChoose=selectchooseuser, alarmClassifyRulesNameValue=test规则名称001, commonConcentratedAlarm=concentratedalarm, commonSelect=select, noteValue=我是备注015, editResponsibilityValue=edit岗位职责016, createWorkingGroupNameValue=AutoTestGroup}</td>
<td><div><pre>org.openqa.selenium.WebDriverException: unknown error: Element &lt;a class=&quot;btn btn-default btn-white m-r-5 m-b-5 btn-query-flag-NGT21C43520&quot; tabindex=&quot;0&quot; aria-controls=&quot;NGT21C43520&quot; title=&quot;显示/隐藏查询条件&quot;&gt;...&lt;/a&gt; is not clickable at point (823, 289). Other element would receive the click: &lt;div class=&quot;modal-footer&quot;&gt;...&lt;/div&gt;
  (Session info: chrome=68.0.3440.106)
  (Driver info: chromedriver=2.36.540470 (e522d04694c7ebea4ba8821272dbef4f9b818c91),platform=Windows NT 10.0.17134 x86_64) (WARNING: The server did not provide any stacktrace information)
Command duration or timeout: 0 milliseconds
Build info: version: &apos;3.10.0&apos;, revision: &apos;176b4a9&apos;, time: &apos;2018-03-02T19:03:16.397Z&apos;
System info: host: &apos;LOSTYOUTH&apos;, ip: &apos;192.168.109.1&apos;, os.name: &apos;Windows 10&apos;, os.arch: &apos;amd64&apos;, os.version: &apos;10.0&apos;, java.version: &apos;1.8.0_181&apos;
Driver info: org.openqa.selenium.chrome.ChromeDriver
Capabilities {acceptInsecureCerts: false, acceptSslCerts: false, applicationCacheEnabled: false, browserConnectionEnabled: false, browserName: chrome, chrome: {chromedriverVersion: 2.36.540470 (e522d04694c7eb..., userDataDir: C:\Users\丹哥\AppData\Local\T...}, cssSelectorsEnabled: true, databaseEnabled: false, handlesAlerts: true, hasTouchScreen: false, javascriptEnabled: true, locationContextEnabled: true, mobileEmulationEnabled: false, nativeEvents: true, networkConnectionEnabled: false, pageLoadStrategy: normal, platform: XP, platformName: XP, rotatable: false, setWindowRect: true, takesHeapSnapshot: true, takesScreenshot: true, unexpectedAlertBehaviour: , unhandledPromptBehavior: , version: 68.0.3440.106, webStorageEnabled: true}
Session ID: 161a36675d71228ed409428e97950bc6
	at org.openqa.selenium.remote.ErrorHandler.createThrowable(ErrorHandler.java:214)
	at org.openqa.selenium.remote.ErrorHandler.throwIfResponseFailed(ErrorHandler.java:166)
	at org.openqa.selenium.remote.http.JsonHttpResponseCodec.reconstructValue(JsonHttpResponseCodec.java:40)
	at org.openqa.selenium.remote.http.AbstractHttpResponseCodec.decode(AbstractHttpResponseCodec.java:80)
	at org.openqa.selenium.remote.http.AbstractHttpResponseCodec.decode(AbstractHttpResponseCodec.java:44)
	at org.openqa.selenium.remote.HttpCommandExecutor.execute(HttpCommandExecutor.java:160)
	at org.openqa.selenium.remote.service.DriverCommandExecutor.execute(DriverCommandExecutor.java:83)
	at org.openqa.selenium.remote.RemoteWebDriver.execute(RemoteWebDriver.java:601)
	at org.openqa.selenium.remote.RemoteWebElement.execute(RemoteWebElement.java:279)
	at org.openqa.selenium.remote.RemoteWebElement.click(RemoteWebElement.java:83)
	at com.testcases.VicubeSystem.workingGroupManagementSelect(VicubeSystem.java:950)
... Removed 28 stack frames</pre></div><a href='#' onClick='toggleBox("stack-trace24293395", this, "Click to show all stack frames", "Click to hide stack frames")'>Click to show all stack frames</a>
<div class='stack-trace' id='stack-trace24293395'><pre>org.openqa.selenium.WebDriverException: unknown error: Element &lt;a class=&quot;btn btn-default btn-white m-r-5 m-b-5 btn-query-flag-NGT21C43520&quot; tabindex=&quot;0&quot; aria-controls=&quot;NGT21C43520&quot; title=&quot;显示/隐藏查询条件&quot;&gt;...&lt;/a&gt; is not clickable at point (823, 289). Other element would receive the click: &lt;div class=&quot;modal-footer&quot;&gt;...&lt;/div&gt;
  (Session info: chrome=68.0.3440.106)
  (Driver info: chromedriver=2.36.540470 (e522d04694c7ebea4ba8821272dbef4f9b818c91),platform=Windows NT 10.0.17134 x86_64) (WARNING: The server did not provide any stacktrace information)
Command duration or timeout: 0 milliseconds
Build info: version: &apos;3.10.0&apos;, revision: &apos;176b4a9&apos;, time: &apos;2018-03-02T19:03:16.397Z&apos;
System info: host: &apos;LOSTYOUTH&apos;, ip: &apos;192.168.109.1&apos;, os.name: &apos;Windows 10&apos;, os.arch: &apos;amd64&apos;, os.version: &apos;10.0&apos;, java.version: &apos;1.8.0_181&apos;
Driver info: org.openqa.selenium.chrome.ChromeDriver
Capabilities {acceptInsecureCerts: false, acceptSslCerts: false, applicationCacheEnabled: false, browserConnectionEnabled: false, browserName: chrome, chrome: {chromedriverVersion: 2.36.540470 (e522d04694c7eb..., userDataDir: C:\Users\丹哥\AppData\Local\T...}, cssSelectorsEnabled: true, databaseEnabled: false, handlesAlerts: true, hasTouchScreen: false, javascriptEnabled: true, locationContextEnabled: true, mobileEmulationEnabled: false, nativeEvents: true, networkConnectionEnabled: false, pageLoadStrategy: normal, platform: XP, platformName: XP, rotatable: false, setWindowRect: true, takesHeapSnapshot: true, takesScreenshot: true, unexpectedAlertBehaviour: , unhandledPromptBehavior: , version: 68.0.3440.106, webStorageEnabled: true}
Session ID: 161a36675d71228ed409428e97950bc6
	at sun.reflect.NativeConstructorAccessorImpl.newInstance0(Native Method)
	at sun.reflect.NativeConstructorAccessorImpl.newInstance(NativeConstructorAccessorImpl.java:62)
	at sun.reflect.DelegatingConstructorAccessorImpl.newInstance(DelegatingConstructorAccessorImpl.java:45)
	at java.lang.reflect.Constructor.newInstance(Constructor.java:423)
	at org.openqa.selenium.remote.ErrorHandler.createThrowable(ErrorHandler.java:214)
	at org.openqa.selenium.remote.ErrorHandler.throwIfResponseFailed(ErrorHandler.java:166)
	at org.openqa.selenium.remote.http.JsonHttpResponseCodec.reconstructValue(JsonHttpResponseCodec.java:40)
	at org.openqa.selenium.remote.http.AbstractHttpResponseCodec.decode(AbstractHttpResponseCodec.java:80)
	at org.openqa.selenium.remote.http.AbstractHttpResponseCodec.decode(AbstractHttpResponseCodec.java:44)
	at org.openqa.selenium.remote.HttpCommandExecutor.execute(HttpCommandExecutor.java:160)
	at org.openqa.selenium.remote.service.DriverCommandExecutor.execute(DriverCommandExecutor.java:83)
	at org.openqa.selenium.remote.RemoteWebDriver.execute(RemoteWebDriver.java:601)
	at org.openqa.selenium.remote.RemoteWebElement.execute(RemoteWebElement.java:279)
	at org.openqa.selenium.remote.RemoteWebElement.click(RemoteWebElement.java:83)
	at com.testcases.VicubeSystem.workingGroupManagementSelect(VicubeSystem.java:950)
	at sun.reflect.NativeMethodAccessorImpl.invoke0(Native Method)
	at sun.reflect.NativeMethodAccessorImpl.invoke(NativeMethodAccessorImpl.java:62)
	at sun.reflect.DelegatingMethodAccessorImpl.invoke(DelegatingMethodAccessorImpl.java:43)
	at java.lang.reflect.Method.invoke(Method.java:498)
	at org.testng.internal.MethodInvocationHelper.invokeMethod(MethodInvocationHelper.java:124)
	at org.testng.internal.Invoker.invokeMethod(Invoker.java:583)
	at org.testng.internal.Invoker.invokeTestMethod(Invoker.java:719)
	at org.testng.internal.Invoker.invokeTestMethods(Invoker.java:989)
	at org.testng.internal.TestMethodWorker.invokeTestMethods(TestMethodWorker.java:125)
	at org.testng.internal.TestMethodWorker.run(TestMethodWorker.java:109)
	at org.testng.TestRunner.privateRun(TestRunner.java:648)
	at org.testng.TestRunner.run(TestRunner.java:505)
	at org.testng.SuiteRunner.runTest(SuiteRunner.java:455)
	at org.testng.SuiteRunner.runSequentially(SuiteRunner.java:450)
	at org.testng.SuiteRunner.privateRun(SuiteRunner.java:415)
	at org.testng.SuiteRunner.run(SuiteRunner.java:364)
	at org.testng.SuiteRunnerWorker.runSuite(SuiteRunnerWorker.java:52)
	at org.testng.SuiteRunnerWorker.run(SuiteRunnerWorker.java:84)
	at org.testng.TestNG.runSuitesSequentially(TestNG.java:1208)
	at org.testng.TestNG.runSuitesLocally(TestNG.java:1137)
	at org.testng.TestNG.runSuites(TestNG.java:1049)
	at org.testng.TestNG.run(TestNG.java:1017)
	at org.testng.IDEARemoteTestNG.run(IDEARemoteTestNG.java:72)
	at org.testng.RemoteTestNGStarter.main(RemoteTestNGStarter.java:123)
</pre></div></td>
<td>1</td>
<td>com.testcases.VicubeSystem@5c7fa833</td></tr>
</table><p>
<table width='100%' border='1' class='invocation-passed'>
<tr><td colspan='4' align='center'><b>PASSED TESTS</b></td></tr>
<tr><td><b>Test method</b></td>
<td width="30%"><b>Exception</b></td>
<td width="10%"><b>Time (seconds)</b></td>
<td><b>Instance</b></td>
</tr>
<tr>
<td title='com.testcases.VicubeSystem.clickSelectButton()'><b>clickSelectButton</b><br>Test class: com.testcases.VicubeSystem<br>Parameters: {commonDenoiseStrategy=denoisestrategy, commonInvalid=invalid, createSave=save, commonChangeState=changestate, commonHint=commonhint, commonAllocationPrivilege=allocationprivilege, editNoteValue=我是编辑备注016, commonAllRules=allrules, editPhoneValue=15000000016, userNameValue=user0015, editEmailValue=edit016@edit.com, responsibilityValue=岗位职责0015, editMobilePhoneValue=16000000016, commonAlarmConfig=alarmconfig, mobilephoneValue=16000000015, commonCraeteFlag=flag, commonCreate=create, contentKeywordValue=test内容关键词001, VicubeUrl=http://vicube.test.com:48080/h5, commonSelectValid=selctvalid, editNameValue=edit016, commonSelectInvalid=selctinvalid, nameValue=edit0015, phoneValue=15000000015, commonAffirm=commonaffirm, emailValue=edit0015@edit.com, commonValid=valid, editWorkingGroupNameValue=AutoTestGroupEdit, commonSelectFlag=selectflag, commonSelectAffirm=selectaffirm, commonSelectChoose=selectchooseuser, alarmClassifyRulesNameValue=test规则名称001, commonConcentratedAlarm=concentratedalarm, commonSelect=select, noteValue=我是备注015, editResponsibilityValue=edit岗位职责016, createWorkingGroupNameValue=AutoTestGroup}<br/>
<a href="#Output-1759482496" onClick='toggleBox("Output-1759482496", this, "Show output", "Hide output");'>Show output</a>

<a href="#Output-1759482496" onClick="toggleAllBoxes();">Show all outputs</a>
<div class='log' id="Output-1759482496">
2018-09-05 14:59:08:点击：筛选<br/>
</div>
</td>
<td></td>
<td>1</td>
<td>com.testcases.VicubeSystem@5c7fa833</td></tr>
<tr>
<td title='com.testcases.VicubeSystem.systemSetting()'><b>systemSetting</b><br>Test class: com.testcases.VicubeSystem<br>Parameters: {commonDenoiseStrategy=denoisestrategy, commonInvalid=invalid, createSave=save, commonChangeState=changestate, commonHint=commonhint, commonAllocationPrivilege=allocationprivilege, editNoteValue=我是编辑备注016, commonAllRules=allrules, editPhoneValue=15000000016, userNameValue=user0015, editEmailValue=edit016@edit.com, responsibilityValue=岗位职责0015, editMobilePhoneValue=16000000016, commonAlarmConfig=alarmconfig, mobilephoneValue=16000000015, commonCraeteFlag=flag, commonCreate=create, contentKeywordValue=test内容关键词001, VicubeUrl=http://vicube.test.com:48080/h5, commonSelectValid=selctvalid, editNameValue=edit016, commonSelectInvalid=selctinvalid, nameValue=edit0015, phoneValue=15000000015, commonAffirm=commonaffirm, emailValue=edit0015@edit.com, systemSetting=systemsetting, commonValid=valid, editWorkingGroupNameValue=AutoTestGroupEdit, commonSelectFlag=selectflag, commonSelectAffirm=selectaffirm, commonSelectChoose=selectchooseuser, alarmClassifyRulesNameValue=test规则名称001, commonConcentratedAlarm=concentratedalarm, commonSelect=select, noteValue=我是备注015, editResponsibilityValue=edit岗位职责016, createWorkingGroupNameValue=AutoTestGroup}<br/>
<a href="#Output-1237740254" onClick='toggleBox("Output-1237740254", this, "Show output", "Hide output");'>Show output</a>

<a href="#Output-1237740254" onClick="toggleAllBoxes();">Show all outputs</a>
<div class='log' id="Output-1237740254">
2018-09-05 14:59:06:点击：系统设置<br/>
2018-09-05 14:59:06:-----------------打开系统设置菜单---------------------<br/>
</div>
</td>
<td></td>
<td>5</td>
<td>com.testcases.VicubeSystem@5c7fa833</td></tr>
<tr>
<td title='com.testcases.VicubeSystem.userDelete()'><b>userDelete</b><br>Test class: com.testcases.VicubeSystem<br>Parameters: {commonDenoiseStrategy=denoisestrategy, commonInvalid=invalid, createSave=save, commonChangeState=changestate, commonHint=commonhint, commonAllocationPrivilege=allocationprivilege, editNoteValue=我是编辑备注016, commonAllRules=allrules, delete=delete, editPhoneValue=15000000016, userNameValue=user0015, editEmailValue=edit016@edit.com, responsibilityValue=岗位职责0015, deleteCancel=deletecancel, editMobilePhoneValue=16000000016, commonAlarmConfig=alarmconfig, mobilephoneValue=16000000015, commonCraeteFlag=flag, commonCreate=create, contentKeywordValue=test内容关键词001, VicubeUrl=http://vicube.test.com:48080/h5, commonSelectValid=selctvalid, editNameValue=edit016, deleteAffirm=deleteaffirm, commonSelectInvalid=selctinvalid, nameValue=edit0015, phoneValue=15000000015, commonAffirm=commonaffirm, emailValue=edit0015@edit.com, commonValid=valid, editWorkingGroupNameValue=AutoTestGroupEdit, commonSelectFlag=selectflag, commonSelectAffirm=selectaffirm, commonSelectChoose=selectchooseuser, alarmClassifyRulesNameValue=test规则名称001, deleteHint=deletehint, commonConcentratedAlarm=concentratedalarm, commonSelect=select, noteValue=我是备注015, editResponsibilityValue=edit岗位职责016, createWorkingGroupNameValue=AutoTestGroup}<br/>
<a href="#Output-1541697437" onClick='toggleBox("Output-1541697437", this, "Show output", "Hide output");'>Show output</a>

<a href="#Output-1541697437" onClick="toggleAllBoxes();">Show all outputs</a>
<div class='log' id="Output-1541697437">
2018-09-05 14:59:16:点击:删除<br/>
2018-09-05 14:59:16:删除提示信息：是否删除当前用户？<br/>
2018-09-05 14:59:16:点击:确认<br/>
2018-09-05 14:59:17:删除提示信息：删除用户成功！<br/>
2018-09-05 14:59:17:点击:确认<br/>
2018-09-05 14:59:17:------------------用户信息删除成功---------------------<br/>
</div>
</td>
<td></td>
<td>3</td>
<td>com.testcases.VicubeSystem@5c7fa833</td></tr>
<tr>
<td title='com.testcases.VicubeSystem.userEditSaveSelect()'><b>userEditSaveSelect</b><br>Test class: com.testcases.VicubeSystem<br>Parameters: {selectChooseUser=selectchooseuser, selectMobilephoneValue=selectmobilephonevalue, createSave=save, select=select, commonHint=commonhint, commonAllocationPrivilege=allocationprivilege, editNoteValue=我是编辑备注016, editPhoneValue=15000000016, userNameValue=user0015, editMobilePhoneValue=16000000016, mobilephoneValue=16000000015, selectNameValue=selectnamevalue, editNameValue=edit016, commonSelectInvalid=selctinvalid, nameValue=edit0015, selecteMailValue=selectemailvalue, commonAffirm=commonaffirm, emailValue=edit0015@edit.com, selectValid=selctvalid, selectValidValue=selectvalidvalue, editWorkingGroupNameValue=AutoTestGroupEdit, selectInvalid=selctinvalid, commonSelectChoose=selectchooseuser, alarmClassifyRulesNameValue=test规则名称001, commonConcentratedAlarm=concentratedalarm, selectNoteValue=selectnotevalue, noteValue=我是备注015, commonDenoiseStrategy=denoisestrategy, commonInvalid=invalid, commonChangeState=changestate, commonAllRules=allrules, selectFlag=selectflag, selectUserName=selectusername, editEmailValue=edit016@edit.com, responsibilityValue=岗位职责0015, commonAlarmConfig=alarmconfig, commonCraeteFlag=flag, commonCreate=create, contentKeywordValue=test内容关键词001, VicubeUrl=http://vicube.test.com:48080/h5, commonSelectValid=selctvalid, selectAffirm=selectaffirm, phoneValue=15000000015, selectEmail=selectemail, selectResponsibilityValue=selectresponsibilityvalue, selectName=selectname, commonValid=valid, commonSelectFlag=selectflag, commonSelectAffirm=selectaffirm, selectUsernameValue=selectusernamevalue, selectPhoneValue=selectphonevalue, commonSelect=select, editResponsibilityValue=edit岗位职责016, createWorkingGroupNameValue=AutoTestGroup}<br/>
<a href="#Output-1902430796" onClick='toggleBox("Output-1902430796", this, "Show output", "Hide output");'>Show output</a>

<a href="#Output-1902430796" onClick="toggleAllBoxes();">Show all outputs</a>
<div class='log' id="Output-1902430796">
2018-09-05 14:59:10:输入用户名：user0015<br/>
2018-09-05 14:59:10:输入用户名：edit016<br/>
2018-09-05 14:59:11:输入用户名：edit016@edit.com<br/>
2018-09-05 14:59:11:点击：确定<br/>
2018-09-05 14:59:13:勾选筛选结果用户<br/>
2018-09-05 14:59:13:-----------------用户信息编辑后筛选查询验证完成---------------------<br/>
</div>
</td>
<td></td>
<td>5</td>
<td>com.testcases.VicubeSystem@5c7fa833</td></tr>
<tr>
<td title='com.testcases.VicubeSystem.userManagement()'><b>userManagement</b><br>Test class: com.testcases.VicubeSystem<br>Parameters: {commonDenoiseStrategy=denoisestrategy, userManagement=usermanagement, commonInvalid=invalid, createSave=save, commonChangeState=changestate, commonHint=commonhint, commonAllocationPrivilege=allocationprivilege, editNoteValue=我是编辑备注016, commonAllRules=allrules, editPhoneValue=15000000016, userNameValue=user0015, editEmailValue=edit016@edit.com, responsibilityValue=岗位职责0015, editMobilePhoneValue=16000000016, commonAlarmConfig=alarmconfig, mobilephoneValue=16000000015, commonCraeteFlag=flag, commonCreate=create, contentKeywordValue=test内容关键词001, VicubeUrl=http://vicube.test.com:48080/h5, commonSelectValid=selctvalid, editNameValue=edit016, commonSelectInvalid=selctinvalid, nameValue=edit0015, phoneValue=15000000015, commonAffirm=commonaffirm, emailValue=edit0015@edit.com, commonValid=valid, editWorkingGroupNameValue=AutoTestGroupEdit, commonSelectFlag=selectflag, commonSelectAffirm=selectaffirm, commonSelectChoose=selectchooseuser, alarmClassifyRulesNameValue=test规则名称001, commonConcentratedAlarm=concentratedalarm, commonSelect=select, noteValue=我是备注015, editResponsibilityValue=edit岗位职责016, createWorkingGroupNameValue=AutoTestGroup}<br/>
<a href="#Output-1046545660" onClick='toggleBox("Output-1046545660", this, "Show output", "Hide output");'>Show output</a>

<a href="#Output-1046545660" onClick="toggleAllBoxes();">Show all outputs</a>
<div class='log' id="Output-1046545660">
2018-09-05 14:59:07:点击：用户管理<br/>
2018-09-05 14:59:07:-----------------打开用户管理菜单---------------------<br/>
</div>
</td>
<td></td>
<td>1</td>
<td>com.testcases.VicubeSystem@5c7fa833</td></tr>
<tr>
<td title='com.testcases.VicubeSystem.vicubeLogin()'><b>vicubeLogin</b><br>Test class: com.testcases.VicubeSystem<br>Parameters: {commonDenoiseStrategy=denoisestrategy, commonInvalid=invalid, createSave=save, commonChangeState=changestate, commonHint=commonhint, commonAllocationPrivilege=allocationprivilege, editNoteValue=我是编辑备注016, commonAllRules=allrules, editPhoneValue=15000000016, userNameValue=user0015, editEmailValue=edit016@edit.com, button=vicube_loginButton, userLoginID=vicube_userloginid, responsibilityValue=岗位职责0015, password=vicube_password, editMobilePhoneValue=16000000016, userValue=administrator, commonAlarmConfig=alarmconfig, mobilephoneValue=16000000015, commonCraeteFlag=flag, commonCreate=create, contentKeywordValue=test内容关键词001, VicubeUrl=http://vicube.test.com:48080/h5, commonSelectValid=selctvalid, editNameValue=edit016, commonSelectInvalid=selctinvalid, nameValue=edit0015, phoneValue=15000000015, commonAffirm=commonaffirm, emailValue=edit0015@edit.com, commonValid=valid, editWorkingGroupNameValue=AutoTestGroupEdit, commonSelectFlag=selectflag, commonSelectAffirm=selectaffirm, passwordValue=vicube2017, commonSelectChoose=selectchooseuser, alarmClassifyRulesNameValue=test规则名称001, commonConcentratedAlarm=concentratedalarm, user=vicube_user, commonSelect=select, noteValue=我是备注015, editResponsibilityValue=edit岗位职责016, createWorkingGroupNameValue=AutoTestGroup}<br/>
<a href="#Output-872669868" onClick='toggleBox("Output-872669868", this, "Show output", "Hide output");'>Show output</a>

<a href="#Output-872669868" onClick="toggleAllBoxes();">Show all outputs</a>
<div class='log' id="Output-872669868">
2018-09-05 14:58:59:网址成功打开：http://vicube.test.com:48080/h5<br/>
2018-09-05 14:59:00:用户名：administrator<br/>
2018-09-05 14:59:00:密码：vicube2017<br/>
2018-09-05 14:59:00:点击按钮:登录<br/>
2018-09-05 14:59:00:期望值为：登陆    ---实际值为：登录<br/>
2018-09-05 14:59:01:用户登陆标识为：超级管理员<br/>
2018-09-05 14:59:01:------------------超级管理员登陆成功-------------------<br/>
</div>
</td>
<td></td>
<td>3</td>
<td>com.testcases.VicubeSystem@5c7fa833</td></tr>
</table><p>
</body>
</html>