<?xml version="1.0" encoding="UTF-8"?>
<!-- Generated by org.testng.reporters.JUnitXMLReporter -->
<testsuite hostname="LostYouth" ignored="213" name="告警数量，确认、前转、解决、查看、筛选" tests="28" failures="13" timestamp="01 十一月 2018 08:44:40 GMT" time="106.222" errors="0">
  <testcase name="vicubeLogin" time="7.51" classname="com.testcases.VicubeSystem"/>
  <testcase name="promptMessage" time="4.145" classname="com.testcases.VicubeSystem"/>
  <testcase name="concentratedAlarm" time="1.163" classname="com.testcases.VicubeSystem"/>
  <testcase name="alarmDisplay" time="1.113" classname="com.testcases.VicubeSystem"/>
  <testcase name="alarmDisplayAlarmsNumber" time="14.844" classname="com.testcases.VicubeSystem"/>
  <testcase name="alarmDisplayPendingAlarm" time="1.392" classname="com.testcases.VicubeSystem"/>
  <testcase name="alarmDisplaySearch" time="2.667" classname="com.testcases.VicubeSystem"/>
  <testcase name="alarmDisplayConfirmationClick" time="1.236" classname="com.testcases.VicubeSystem"/>
  <testcase name="alarmDisplayConfirmation" time="2.192" classname="com.testcases.VicubeSystem"/>
  <testcase name="alarmDisplayChooseFunction" time="3.091" classname="com.testcases.VicubeSystem"/>
  <testcase name="alarmDisplayResolvedButton3" time="1.233" classname="com.testcases.VicubeSystem"/>
  <testcase name="alarmDisplayResolvedOfClearMemory" time="4.03" classname="com.testcases.VicubeSystem"/>
  <testcase name="alarmDisplayResolvedOfClearMemoryHintConfirm" time="1.095" classname="com.testcases.VicubeSystem"/>
  <testcase name="alarmDisplayConfirmedAlarm" time="2.21" classname="com.testcases.VicubeSystem"/>
  <testcase name="alarmDisplayInformClick" time="1.263" classname="com.testcases.VicubeSystem"/>
  <testcase name="alarmDisplayForwardShifting" time="7.12" classname="com.testcases.VicubeSystem">
    <failure type="java.lang.NullPointerException">
      <![CDATA[java.lang.NullPointerException
at com.testcases.VicubeSystem.alarmDisplayForwardShifting(VicubeSystem.java:3015)
at java.util.concurrent.FutureTask.run(FutureTask.java:266)
at java.util.concurrent.Executors$RunnableAdapter.call(Executors.java:511)
at java.util.concurrent.FutureTask.run(FutureTask.java:266)
at java.util.concurrent.ThreadPoolExecutor.runWorker(ThreadPoolExecutor.java:1149)
at java.util.concurrent.ThreadPoolExecutor$Worker.run(ThreadPoolExecutor.java:624)
at java.lang.Thread.run(Thread.java:748)
... Removed 9 stack frames]]>
    </failure>
  </testcase> <!-- alarmDisplayForwardShifting -->
  <testcase name="alarmDisplayForwardShiftingHintConfirm" time="6.314" classname="com.testcases.VicubeSystem">
    <failure type="java.lang.NullPointerException">
      <![CDATA[java.lang.NullPointerException
at com.testcases.VicubeSystem.alarmDisplayForwardShiftingHintConfirm(VicubeSystem.java:3139)
at java.util.concurrent.FutureTask.run(FutureTask.java:266)
at java.util.concurrent.Executors$RunnableAdapter.call(Executors.java:511)
at java.util.concurrent.FutureTask.run(FutureTask.java:266)
at java.util.concurrent.ThreadPoolExecutor.runWorker(ThreadPoolExecutor.java:1149)
at java.util.concurrent.ThreadPoolExecutor$Worker.run(ThreadPoolExecutor.java:624)
at java.lang.Thread.run(Thread.java:748)
... Removed 9 stack frames]]>
    </failure>
  </testcase> <!-- alarmDisplayForwardShiftingHintConfirm -->
  <testcase name="alarmDisplayForwardShiftingAlarm" time="2.104" classname="com.testcases.VicubeSystem">
    <failure type="org.openqa.selenium.WebDriverException" message="unknown error: Element &amp;lt;td ng-style=&amp;quot;bgColorState_10&amp;quot; ng-click=&amp;quot;clickState(&amp;apos;10&amp;apos;)&amp;quot; style=&amp;quot;color: rgb(124, 132, 145); background-color: rgb(255, 255, 255);&amp;quot;&amp;gt;...&amp;lt;/td&amp;gt; is not clickable at point (503, 98). Other element would receive the click: &amp;lt;div class=&amp;quot;modal-body panel-body&amp;quot;&amp;gt;...&amp;lt;/div&amp;gt;
  (Session info: headless chrome=70.0.3538.77)
  (Driver info: chromedriver=2.36.540470 (e522d04694c7ebea4ba8821272dbef4f9b818c91),platform=Windows NT 10.0.17134 x86_64) (WARNING: The server did not provide any stacktrace information)
Command duration or timeout: 0 milliseconds
Build info: version: &amp;apos;3.10.0&amp;apos;, revision: &amp;apos;176b4a9&amp;apos;, time: &amp;apos;2018-03-02T19:03:16.397Z&amp;apos;
System info: host: &amp;apos;LOSTYOUTH&amp;apos;, ip: &amp;apos;192.168.24.1&amp;apos;, os.name: &amp;apos;Windows 10&amp;apos;, os.arch: &amp;apos;amd64&amp;apos;, os.version: &amp;apos;10.0&amp;apos;, java.version: &amp;apos;1.8.0_191&amp;apos;
Driver info: org.openqa.selenium.chrome.ChromeDriver
Capabilities {acceptInsecureCerts: false, acceptSslCerts: false, applicationCacheEnabled: false, browserConnectionEnabled: false, browserName: chrome, chrome: {chromedriverVersion: 2.36.540470 (e522d04694c7eb..., userDataDir: C:\Users\丹哥\AppData\Local\T...}, cssSelectorsEnabled: true, databaseEnabled: false, handlesAlerts: true, hasTouchScreen: false, javascriptEnabled: true, locationContextEnabled: true, mobileEmulationEnabled: false, nativeEvents: true, networkConnectionEnabled: false, pageLoadStrategy: normal, platform: XP, platformName: XP, rotatable: false, setWindowRect: true, takesHeapSnapshot: true, takesScreenshot: true, unexpectedAlertBehaviour: , unhandledPromptBehavior: , version: 70.0.3538.77, webStorageEnabled: true}
Session ID: 920ceb61299333a45491d31fbcc3f089">
      <![CDATA[org.openqa.selenium.WebDriverException: unknown error: Element <td ng-style="bgColorState_10" ng-click="clickState('10')" style="color: rgb(124, 132, 145); background-color: rgb(255, 255, 255);">...</td> is not clickable at point (503, 98). Other element would receive the click: <div class="modal-body panel-body">...</div>
  (Session info: headless chrome=70.0.3538.77)
  (Driver info: chromedriver=2.36.540470 (e522d04694c7ebea4ba8821272dbef4f9b818c91),platform=Windows NT 10.0.17134 x86_64) (WARNING: The server did not provide any stacktrace information)
Command duration or timeout: 0 milliseconds
Build info: version: '3.10.0', revision: '176b4a9', time: '2018-03-02T19:03:16.397Z'
System info: host: 'LOSTYOUTH', ip: '192.168.24.1', os.name: 'Windows 10', os.arch: 'amd64', os.version: '10.0', java.version: '1.8.0_191'
Driver info: org.openqa.selenium.chrome.ChromeDriver
Capabilities {acceptInsecureCerts: false, acceptSslCerts: false, applicationCacheEnabled: false, browserConnectionEnabled: false, browserName: chrome, chrome: {chromedriverVersion: 2.36.540470 (e522d04694c7eb..., userDataDir: C:\Users\丹哥\AppData\Local\T...}, cssSelectorsEnabled: true, databaseEnabled: false, handlesAlerts: true, hasTouchScreen: false, javascriptEnabled: true, locationContextEnabled: true, mobileEmulationEnabled: false, nativeEvents: true, networkConnectionEnabled: false, pageLoadStrategy: normal, platform: XP, platformName: XP, rotatable: false, setWindowRect: true, takesHeapSnapshot: true, takesScreenshot: true, unexpectedAlertBehaviour: , unhandledPromptBehavior: , version: 70.0.3538.77, webStorageEnabled: true}
Session ID: 920ceb61299333a45491d31fbcc3f089
at org.openqa.selenium.remote.ErrorHandler.createThrowable(ErrorHandler.java:214)
at org.openqa.selenium.remote.ErrorHandler.throwIfResponseFailed(ErrorHandler.java:166)
at org.openqa.selenium.remote.http.JsonHttpResponseCodec.reconstructValue(JsonHttpResponseCodec.java:40)
at org.openqa.selenium.remote.http.AbstractHttpResponseCodec.decode(AbstractHttpResponseCodec.java:80)
at org.openqa.selenium.remote.http.AbstractHttpResponseCodec.decode(AbstractHttpResponseCodec.java:44)
at org.openqa.selenium.remote.HttpCommandExecutor.execute(HttpCommandExecutor.java:160)
at org.openqa.selenium.remote.service.DriverCommandExecutor.execute(DriverCommandExecutor.java:83)
at org.openqa.selenium.remote.RemoteWebDriver.execute(RemoteWebDriver.java:601)
at org.openqa.selenium.remote.RemoteWebElement.execute(RemoteWebElement.java:279)
at org.openqa.selenium.remote.RemoteWebElement.click(RemoteWebElement.java:83)
at com.testcases.VicubeSystem.alarmDisplayForwardShiftingAlarm(VicubeSystem.java:2509)
at java.util.concurrent.FutureTask.run(FutureTask.java:266)
at java.util.concurrent.Executors$RunnableAdapter.call(Executors.java:511)
at java.util.concurrent.FutureTask.run(FutureTask.java:266)
at java.util.concurrent.ThreadPoolExecutor.runWorker(ThreadPoolExecutor.java:1149)
at java.util.concurrent.ThreadPoolExecutor$Worker.run(ThreadPoolExecutor.java:624)
at java.lang.Thread.run(Thread.java:748)
... Removed 13 stack frames]]>
    </failure>
  </testcase> <!-- alarmDisplayForwardShiftingAlarm -->
  <testcase name="alarmDisplayResolvedButton" time="1.233" classname="com.testcases.VicubeSystem">
    <failure type="org.openqa.selenium.WebDriverException" message="unknown error: Element &amp;lt;a vic-permission=&amp;quot;&amp;quot; permission-name=&amp;quot;M1203&amp;quot; class=&amp;quot;btn btn-default btn-white m-r-5 m-b-5 ng-isolate-scope&amp;quot; ng-click=&amp;quot;actions.clickCloseAlert()&amp;quot;&amp;gt;...&amp;lt;/a&amp;gt; is not clickable at point (393, 167). Other element would receive the click: &amp;lt;div class=&amp;quot;row ng-scope&amp;quot;&amp;gt;...&amp;lt;/div&amp;gt;
  (Session info: headless chrome=70.0.3538.77)
  (Driver info: chromedriver=2.36.540470 (e522d04694c7ebea4ba8821272dbef4f9b818c91),platform=Windows NT 10.0.17134 x86_64) (WARNING: The server did not provide any stacktrace information)
Command duration or timeout: 0 milliseconds
Build info: version: &amp;apos;3.10.0&amp;apos;, revision: &amp;apos;176b4a9&amp;apos;, time: &amp;apos;2018-03-02T19:03:16.397Z&amp;apos;
System info: host: &amp;apos;LOSTYOUTH&amp;apos;, ip: &amp;apos;192.168.24.1&amp;apos;, os.name: &amp;apos;Windows 10&amp;apos;, os.arch: &amp;apos;amd64&amp;apos;, os.version: &amp;apos;10.0&amp;apos;, java.version: &amp;apos;1.8.0_191&amp;apos;
Driver info: org.openqa.selenium.chrome.ChromeDriver
Capabilities {acceptInsecureCerts: false, acceptSslCerts: false, applicationCacheEnabled: false, browserConnectionEnabled: false, browserName: chrome, chrome: {chromedriverVersion: 2.36.540470 (e522d04694c7eb..., userDataDir: C:\Users\丹哥\AppData\Local\T...}, cssSelectorsEnabled: true, databaseEnabled: false, handlesAlerts: true, hasTouchScreen: false, javascriptEnabled: true, locationContextEnabled: true, mobileEmulationEnabled: false, nativeEvents: true, networkConnectionEnabled: false, pageLoadStrategy: normal, platform: XP, platformName: XP, rotatable: false, setWindowRect: true, takesHeapSnapshot: true, takesScreenshot: true, unexpectedAlertBehaviour: , unhandledPromptBehavior: , version: 70.0.3538.77, webStorageEnabled: true}
Session ID: 920ceb61299333a45491d31fbcc3f089">
      <![CDATA[org.openqa.selenium.WebDriverException: unknown error: Element <a vic-permission="" permission-name="M1203" class="btn btn-default btn-white m-r-5 m-b-5 ng-isolate-scope" ng-click="actions.clickCloseAlert()">...</a> is not clickable at point (393, 167). Other element would receive the click: <div class="row ng-scope">...</div>
  (Session info: headless chrome=70.0.3538.77)
  (Driver info: chromedriver=2.36.540470 (e522d04694c7ebea4ba8821272dbef4f9b818c91),platform=Windows NT 10.0.17134 x86_64) (WARNING: The server did not provide any stacktrace information)
Command duration or timeout: 0 milliseconds
Build info: version: '3.10.0', revision: '176b4a9', time: '2018-03-02T19:03:16.397Z'
System info: host: 'LOSTYOUTH', ip: '192.168.24.1', os.name: 'Windows 10', os.arch: 'amd64', os.version: '10.0', java.version: '1.8.0_191'
Driver info: org.openqa.selenium.chrome.ChromeDriver
Capabilities {acceptInsecureCerts: false, acceptSslCerts: false, applicationCacheEnabled: false, browserConnectionEnabled: false, browserName: chrome, chrome: {chromedriverVersion: 2.36.540470 (e522d04694c7eb..., userDataDir: C:\Users\丹哥\AppData\Local\T...}, cssSelectorsEnabled: true, databaseEnabled: false, handlesAlerts: true, hasTouchScreen: false, javascriptEnabled: true, locationContextEnabled: true, mobileEmulationEnabled: false, nativeEvents: true, networkConnectionEnabled: false, pageLoadStrategy: normal, platform: XP, platformName: XP, rotatable: false, setWindowRect: true, takesHeapSnapshot: true, takesScreenshot: true, unexpectedAlertBehaviour: , unhandledPromptBehavior: , version: 70.0.3538.77, webStorageEnabled: true}
Session ID: 920ceb61299333a45491d31fbcc3f089
at org.openqa.selenium.remote.ErrorHandler.createThrowable(ErrorHandler.java:214)
at org.openqa.selenium.remote.ErrorHandler.throwIfResponseFailed(ErrorHandler.java:166)
at org.openqa.selenium.remote.http.JsonHttpResponseCodec.reconstructValue(JsonHttpResponseCodec.java:40)
at org.openqa.selenium.remote.http.AbstractHttpResponseCodec.decode(AbstractHttpResponseCodec.java:80)
at org.openqa.selenium.remote.http.AbstractHttpResponseCodec.decode(AbstractHttpResponseCodec.java:44)
at org.openqa.selenium.remote.HttpCommandExecutor.execute(HttpCommandExecutor.java:160)
at org.openqa.selenium.remote.service.DriverCommandExecutor.execute(DriverCommandExecutor.java:83)
at org.openqa.selenium.remote.RemoteWebDriver.execute(RemoteWebDriver.java:601)
at org.openqa.selenium.remote.RemoteWebElement.execute(RemoteWebElement.java:279)
at org.openqa.selenium.remote.RemoteWebElement.click(RemoteWebElement.java:83)
at com.testcases.VicubeSystem.alarmDisplayResolvedButton(VicubeSystem.java:3158)
at java.util.concurrent.FutureTask.run(FutureTask.java:266)
at java.util.concurrent.Executors$RunnableAdapter.call(Executors.java:511)
at java.util.concurrent.FutureTask.run(FutureTask.java:266)
at java.util.concurrent.ThreadPoolExecutor.runWorker(ThreadPoolExecutor.java:1149)
at java.util.concurrent.ThreadPoolExecutor$Worker.run(ThreadPoolExecutor.java:624)
at java.lang.Thread.run(Thread.java:748)
... Removed 13 stack frames]]>
    </failure>
  </testcase> <!-- alarmDisplayResolvedButton -->
  <testcase name="alarmDisplayResolvedOfResolved" time="6.168" classname="com.testcases.VicubeSystem">
    <failure type="java.lang.NullPointerException">
      <![CDATA[java.lang.NullPointerException
at com.testcases.VicubeSystem.alarmDisplayResolvedOfResolved(VicubeSystem.java:3276)
at java.util.concurrent.FutureTask.run(FutureTask.java:266)
at java.util.concurrent.Executors$RunnableAdapter.call(Executors.java:511)
at java.util.concurrent.FutureTask.run(FutureTask.java:266)
at java.util.concurrent.ThreadPoolExecutor.runWorker(ThreadPoolExecutor.java:1149)
at java.util.concurrent.ThreadPoolExecutor$Worker.run(ThreadPoolExecutor.java:624)
at java.lang.Thread.run(Thread.java:748)
... Removed 9 stack frames]]>
    </failure>
  </testcase> <!-- alarmDisplayResolvedOfResolved -->
  <testcase name="alarmDisplayResolvedOfResolvedHintConfirm" time="6.167" classname="com.testcases.VicubeSystem">
    <failure type="java.lang.NullPointerException">
      <![CDATA[java.lang.NullPointerException
at com.testcases.VicubeSystem.alarmDisplayResolvedOfResolvedHintConfirm(VicubeSystem.java:3312)
at java.util.concurrent.FutureTask.run(FutureTask.java:266)
at java.util.concurrent.Executors$RunnableAdapter.call(Executors.java:511)
at java.util.concurrent.FutureTask.run(FutureTask.java:266)
at java.util.concurrent.ThreadPoolExecutor.runWorker(ThreadPoolExecutor.java:1149)
at java.util.concurrent.ThreadPoolExecutor$Worker.run(ThreadPoolExecutor.java:624)
at java.lang.Thread.run(Thread.java:748)
... Removed 9 stack frames]]>
    </failure>
  </testcase> <!-- alarmDisplayResolvedOfResolvedHintConfirm -->
  <testcase name="alarmDisplayChooseFunction2" time="1.071" classname="com.testcases.VicubeSystem">
    <failure type="org.openqa.selenium.WebDriverException" message="unknown error: Element &amp;lt;input type=&amp;quot;checkbox&amp;quot; id=&amp;quot;selected.PK477461546221200&amp;quot; ng-model=&amp;quot;selected.PK477461546221200&amp;quot; ng-click=&amp;quot;toggleOne(&amp;apos;477461546221200&amp;apos;)&amp;quot; class=&amp;quot;ng-valid ng-not-empty ng-dirty ng-valid-parse ng-touched&amp;quot;&amp;gt; is not clickable at point (291, 258). Other element would receive the click: &amp;lt;button class=&amp;quot;btn btn-default dropdown-toggle&amp;quot; type=&amp;quot;button&amp;quot;&amp;gt;...&amp;lt;/button&amp;gt;
  (Session info: headless chrome=70.0.3538.77)
  (Driver info: chromedriver=2.36.540470 (e522d04694c7ebea4ba8821272dbef4f9b818c91),platform=Windows NT 10.0.17134 x86_64) (WARNING: The server did not provide any stacktrace information)
Command duration or timeout: 0 milliseconds
Build info: version: &amp;apos;3.10.0&amp;apos;, revision: &amp;apos;176b4a9&amp;apos;, time: &amp;apos;2018-03-02T19:03:16.397Z&amp;apos;
System info: host: &amp;apos;LOSTYOUTH&amp;apos;, ip: &amp;apos;192.168.24.1&amp;apos;, os.name: &amp;apos;Windows 10&amp;apos;, os.arch: &amp;apos;amd64&amp;apos;, os.version: &amp;apos;10.0&amp;apos;, java.version: &amp;apos;1.8.0_191&amp;apos;
Driver info: org.openqa.selenium.chrome.ChromeDriver
Capabilities {acceptInsecureCerts: false, acceptSslCerts: false, applicationCacheEnabled: false, browserConnectionEnabled: false, browserName: chrome, chrome: {chromedriverVersion: 2.36.540470 (e522d04694c7eb..., userDataDir: C:\Users\丹哥\AppData\Local\T...}, cssSelectorsEnabled: true, databaseEnabled: false, handlesAlerts: true, hasTouchScreen: false, javascriptEnabled: true, locationContextEnabled: true, mobileEmulationEnabled: false, nativeEvents: true, networkConnectionEnabled: false, pageLoadStrategy: normal, platform: XP, platformName: XP, rotatable: false, setWindowRect: true, takesHeapSnapshot: true, takesScreenshot: true, unexpectedAlertBehaviour: , unhandledPromptBehavior: , version: 70.0.3538.77, webStorageEnabled: true}
Session ID: 920ceb61299333a45491d31fbcc3f089">
      <![CDATA[org.openqa.selenium.WebDriverException: unknown error: Element <input type="checkbox" id="selected.PK477461546221200" ng-model="selected.PK477461546221200" ng-click="toggleOne('477461546221200')" class="ng-valid ng-not-empty ng-dirty ng-valid-parse ng-touched"> is not clickable at point (291, 258). Other element would receive the click: <button class="btn btn-default dropdown-toggle" type="button">...</button>
  (Session info: headless chrome=70.0.3538.77)
  (Driver info: chromedriver=2.36.540470 (e522d04694c7ebea4ba8821272dbef4f9b818c91),platform=Windows NT 10.0.17134 x86_64) (WARNING: The server did not provide any stacktrace information)
Command duration or timeout: 0 milliseconds
Build info: version: '3.10.0', revision: '176b4a9', time: '2018-03-02T19:03:16.397Z'
System info: host: 'LOSTYOUTH', ip: '192.168.24.1', os.name: 'Windows 10', os.arch: 'amd64', os.version: '10.0', java.version: '1.8.0_191'
Driver info: org.openqa.selenium.chrome.ChromeDriver
Capabilities {acceptInsecureCerts: false, acceptSslCerts: false, applicationCacheEnabled: false, browserConnectionEnabled: false, browserName: chrome, chrome: {chromedriverVersion: 2.36.540470 (e522d04694c7eb..., userDataDir: C:\Users\丹哥\AppData\Local\T...}, cssSelectorsEnabled: true, databaseEnabled: false, handlesAlerts: true, hasTouchScreen: false, javascriptEnabled: true, locationContextEnabled: true, mobileEmulationEnabled: false, nativeEvents: true, networkConnectionEnabled: false, pageLoadStrategy: normal, platform: XP, platformName: XP, rotatable: false, setWindowRect: true, takesHeapSnapshot: true, takesScreenshot: true, unexpectedAlertBehaviour: , unhandledPromptBehavior: , version: 70.0.3538.77, webStorageEnabled: true}
Session ID: 920ceb61299333a45491d31fbcc3f089
at org.openqa.selenium.remote.ErrorHandler.createThrowable(ErrorHandler.java:214)
at org.openqa.selenium.remote.ErrorHandler.throwIfResponseFailed(ErrorHandler.java:166)
at org.openqa.selenium.remote.http.JsonHttpResponseCodec.reconstructValue(JsonHttpResponseCodec.java:40)
at org.openqa.selenium.remote.http.AbstractHttpResponseCodec.decode(AbstractHttpResponseCodec.java:80)
at org.openqa.selenium.remote.http.AbstractHttpResponseCodec.decode(AbstractHttpResponseCodec.java:44)
at org.openqa.selenium.remote.HttpCommandExecutor.execute(HttpCommandExecutor.java:160)
at org.openqa.selenium.remote.service.DriverCommandExecutor.execute(DriverCommandExecutor.java:83)
at org.openqa.selenium.remote.RemoteWebDriver.execute(RemoteWebDriver.java:601)
at org.openqa.selenium.remote.RemoteWebElement.execute(RemoteWebElement.java:279)
at org.openqa.selenium.remote.RemoteWebElement.click(RemoteWebElement.java:83)
at com.testcases.VicubeSystem.alarmDisplayChooseFunction2(VicubeSystem.java:2680)
at java.util.concurrent.FutureTask.run(FutureTask.java:266)
at java.util.concurrent.Executors$RunnableAdapter.call(Executors.java:511)
at java.util.concurrent.FutureTask.run(FutureTask.java:266)
at java.util.concurrent.ThreadPoolExecutor.runWorker(ThreadPoolExecutor.java:1149)
at java.util.concurrent.ThreadPoolExecutor$Worker.run(ThreadPoolExecutor.java:624)
at java.lang.Thread.run(Thread.java:748)
... Removed 13 stack frames]]>
    </failure>
  </testcase> <!-- alarmDisplayChooseFunction2 -->
  <testcase name="alarmDisplayResolvedButton2" time="3.145" classname="com.testcases.VicubeSystem">
    <failure type="org.openqa.selenium.WebDriverException" message="unknown error: Element &amp;lt;a vic-permission=&amp;quot;&amp;quot; permission-name=&amp;quot;M1203&amp;quot; class=&amp;quot;btn btn-default btn-white m-r-5 m-b-5 ng-isolate-scope&amp;quot; ng-click=&amp;quot;actions.clickCloseAlert()&amp;quot;&amp;gt;...&amp;lt;/a&amp;gt; is not clickable at point (393, 167). Other element would receive the click: &amp;lt;div class=&amp;quot;row ng-scope&amp;quot;&amp;gt;...&amp;lt;/div&amp;gt;
  (Session info: headless chrome=70.0.3538.77)
  (Driver info: chromedriver=2.36.540470 (e522d04694c7ebea4ba8821272dbef4f9b818c91),platform=Windows NT 10.0.17134 x86_64) (WARNING: The server did not provide any stacktrace information)
Command duration or timeout: 0 milliseconds
Build info: version: &amp;apos;3.10.0&amp;apos;, revision: &amp;apos;176b4a9&amp;apos;, time: &amp;apos;2018-03-02T19:03:16.397Z&amp;apos;
System info: host: &amp;apos;LOSTYOUTH&amp;apos;, ip: &amp;apos;192.168.24.1&amp;apos;, os.name: &amp;apos;Windows 10&amp;apos;, os.arch: &amp;apos;amd64&amp;apos;, os.version: &amp;apos;10.0&amp;apos;, java.version: &amp;apos;1.8.0_191&amp;apos;
Driver info: org.openqa.selenium.chrome.ChromeDriver
Capabilities {acceptInsecureCerts: false, acceptSslCerts: false, applicationCacheEnabled: false, browserConnectionEnabled: false, browserName: chrome, chrome: {chromedriverVersion: 2.36.540470 (e522d04694c7eb..., userDataDir: C:\Users\丹哥\AppData\Local\T...}, cssSelectorsEnabled: true, databaseEnabled: false, handlesAlerts: true, hasTouchScreen: false, javascriptEnabled: true, locationContextEnabled: true, mobileEmulationEnabled: false, nativeEvents: true, networkConnectionEnabled: false, pageLoadStrategy: normal, platform: XP, platformName: XP, rotatable: false, setWindowRect: true, takesHeapSnapshot: true, takesScreenshot: true, unexpectedAlertBehaviour: , unhandledPromptBehavior: , version: 70.0.3538.77, webStorageEnabled: true}
Session ID: 920ceb61299333a45491d31fbcc3f089">
      <![CDATA[org.openqa.selenium.WebDriverException: unknown error: Element <a vic-permission="" permission-name="M1203" class="btn btn-default btn-white m-r-5 m-b-5 ng-isolate-scope" ng-click="actions.clickCloseAlert()">...</a> is not clickable at point (393, 167). Other element would receive the click: <div class="row ng-scope">...</div>
  (Session info: headless chrome=70.0.3538.77)
  (Driver info: chromedriver=2.36.540470 (e522d04694c7ebea4ba8821272dbef4f9b818c91),platform=Windows NT 10.0.17134 x86_64) (WARNING: The server did not provide any stacktrace information)
Command duration or timeout: 0 milliseconds
Build info: version: '3.10.0', revision: '176b4a9', time: '2018-03-02T19:03:16.397Z'
System info: host: 'LOSTYOUTH', ip: '192.168.24.1', os.name: 'Windows 10', os.arch: 'amd64', os.version: '10.0', java.version: '1.8.0_191'
Driver info: org.openqa.selenium.chrome.ChromeDriver
Capabilities {acceptInsecureCerts: false, acceptSslCerts: false, applicationCacheEnabled: false, browserConnectionEnabled: false, browserName: chrome, chrome: {chromedriverVersion: 2.36.540470 (e522d04694c7eb..., userDataDir: C:\Users\丹哥\AppData\Local\T...}, cssSelectorsEnabled: true, databaseEnabled: false, handlesAlerts: true, hasTouchScreen: false, javascriptEnabled: true, locationContextEnabled: true, mobileEmulationEnabled: false, nativeEvents: true, networkConnectionEnabled: false, pageLoadStrategy: normal, platform: XP, platformName: XP, rotatable: false, setWindowRect: true, takesHeapSnapshot: true, takesScreenshot: true, unexpectedAlertBehaviour: , unhandledPromptBehavior: , version: 70.0.3538.77, webStorageEnabled: true}
Session ID: 920ceb61299333a45491d31fbcc3f089
at org.openqa.selenium.remote.ErrorHandler.createThrowable(ErrorHandler.java:214)
at org.openqa.selenium.remote.ErrorHandler.throwIfResponseFailed(ErrorHandler.java:166)
at org.openqa.selenium.remote.http.JsonHttpResponseCodec.reconstructValue(JsonHttpResponseCodec.java:40)
at org.openqa.selenium.remote.http.AbstractHttpResponseCodec.decode(AbstractHttpResponseCodec.java:80)
at org.openqa.selenium.remote.http.AbstractHttpResponseCodec.decode(AbstractHttpResponseCodec.java:44)
at org.openqa.selenium.remote.HttpCommandExecutor.execute(HttpCommandExecutor.java:160)
at org.openqa.selenium.remote.service.DriverCommandExecutor.execute(DriverCommandExecutor.java:83)
at org.openqa.selenium.remote.RemoteWebDriver.execute(RemoteWebDriver.java:601)
at org.openqa.selenium.remote.RemoteWebElement.execute(RemoteWebElement.java:279)
at org.openqa.selenium.remote.RemoteWebElement.click(RemoteWebElement.java:83)
at com.testcases.VicubeSystem.alarmDisplayResolvedButton2(VicubeSystem.java:3177)
at java.util.concurrent.FutureTask.run(FutureTask.java:266)
at java.util.concurrent.Executors$RunnableAdapter.call(Executors.java:511)
at java.util.concurrent.FutureTask.run(FutureTask.java:266)
at java.util.concurrent.ThreadPoolExecutor.runWorker(ThreadPoolExecutor.java:1149)
at java.util.concurrent.ThreadPoolExecutor$Worker.run(ThreadPoolExecutor.java:624)
at java.lang.Thread.run(Thread.java:748)
... Removed 13 stack frames]]>
    </failure>
  </testcase> <!-- alarmDisplayResolvedButton2 -->
  <testcase name="alarmDisplayResolvedOfIgnore" time="6.14" classname="com.testcases.VicubeSystem">
    <failure type="java.lang.NullPointerException">
      <![CDATA[java.lang.NullPointerException
at com.testcases.VicubeSystem.alarmDisplayResolvedOfIgnore(VicubeSystem.java:3338)
at java.util.concurrent.FutureTask.run(FutureTask.java:266)
at java.util.concurrent.Executors$RunnableAdapter.call(Executors.java:511)
at java.util.concurrent.FutureTask.run(FutureTask.java:266)
at java.util.concurrent.ThreadPoolExecutor.runWorker(ThreadPoolExecutor.java:1149)
at java.util.concurrent.ThreadPoolExecutor$Worker.run(ThreadPoolExecutor.java:624)
at java.lang.Thread.run(Thread.java:748)
... Removed 9 stack frames]]>
    </failure>
  </testcase> <!-- alarmDisplayResolvedOfIgnore -->
  <testcase name="alarmDisplayResolvedOfIgnoreHintConfirm" time="6.206" classname="com.testcases.VicubeSystem">
    <failure type="java.lang.NullPointerException">
      <![CDATA[java.lang.NullPointerException
at com.testcases.VicubeSystem.alarmDisplayResolvedOfIgnoreHintConfirm(VicubeSystem.java:3376)
at java.util.concurrent.FutureTask.run(FutureTask.java:266)
at java.util.concurrent.Executors$RunnableAdapter.call(Executors.java:511)
at java.util.concurrent.FutureTask.run(FutureTask.java:266)
at java.util.concurrent.ThreadPoolExecutor.runWorker(ThreadPoolExecutor.java:1149)
at java.util.concurrent.ThreadPoolExecutor$Worker.run(ThreadPoolExecutor.java:624)
at java.lang.Thread.run(Thread.java:748)
... Removed 9 stack frames]]>
    </failure>
  </testcase> <!-- alarmDisplayResolvedOfIgnoreHintConfirm -->
  <testcase name="alarmDisplayResolvedAlarm" time="2.092" classname="com.testcases.VicubeSystem">
    <failure type="org.openqa.selenium.WebDriverException" message="unknown error: Element &amp;lt;td ng-style=&amp;quot;bgColorState_20&amp;quot; ng-click=&amp;quot;clickState(&amp;apos;20&amp;apos;)&amp;quot; style=&amp;quot;color: rgb(124, 132, 145); background-color: rgb(255, 255, 255);&amp;quot;&amp;gt;...&amp;lt;/td&amp;gt; is not clickable at point (611, 98). Other element would receive the click: &amp;lt;div class=&amp;quot;modal-body panel-body&amp;quot;&amp;gt;...&amp;lt;/div&amp;gt;
  (Session info: headless chrome=70.0.3538.77)
  (Driver info: chromedriver=2.36.540470 (e522d04694c7ebea4ba8821272dbef4f9b818c91),platform=Windows NT 10.0.17134 x86_64) (WARNING: The server did not provide any stacktrace information)
Command duration or timeout: 0 milliseconds
Build info: version: &amp;apos;3.10.0&amp;apos;, revision: &amp;apos;176b4a9&amp;apos;, time: &amp;apos;2018-03-02T19:03:16.397Z&amp;apos;
System info: host: &amp;apos;LOSTYOUTH&amp;apos;, ip: &amp;apos;192.168.24.1&amp;apos;, os.name: &amp;apos;Windows 10&amp;apos;, os.arch: &amp;apos;amd64&amp;apos;, os.version: &amp;apos;10.0&amp;apos;, java.version: &amp;apos;1.8.0_191&amp;apos;
Driver info: org.openqa.selenium.chrome.ChromeDriver
Capabilities {acceptInsecureCerts: false, acceptSslCerts: false, applicationCacheEnabled: false, browserConnectionEnabled: false, browserName: chrome, chrome: {chromedriverVersion: 2.36.540470 (e522d04694c7eb..., userDataDir: C:\Users\丹哥\AppData\Local\T...}, cssSelectorsEnabled: true, databaseEnabled: false, handlesAlerts: true, hasTouchScreen: false, javascriptEnabled: true, locationContextEnabled: true, mobileEmulationEnabled: false, nativeEvents: true, networkConnectionEnabled: false, pageLoadStrategy: normal, platform: XP, platformName: XP, rotatable: false, setWindowRect: true, takesHeapSnapshot: true, takesScreenshot: true, unexpectedAlertBehaviour: , unhandledPromptBehavior: , version: 70.0.3538.77, webStorageEnabled: true}
Session ID: 920ceb61299333a45491d31fbcc3f089">
      <![CDATA[org.openqa.selenium.WebDriverException: unknown error: Element <td ng-style="bgColorState_20" ng-click="clickState('20')" style="color: rgb(124, 132, 145); background-color: rgb(255, 255, 255);">...</td> is not clickable at point (611, 98). Other element would receive the click: <div class="modal-body panel-body">...</div>
  (Session info: headless chrome=70.0.3538.77)
  (Driver info: chromedriver=2.36.540470 (e522d04694c7ebea4ba8821272dbef4f9b818c91),platform=Windows NT 10.0.17134 x86_64) (WARNING: The server did not provide any stacktrace information)
Command duration or timeout: 0 milliseconds
Build info: version: '3.10.0', revision: '176b4a9', time: '2018-03-02T19:03:16.397Z'
System info: host: 'LOSTYOUTH', ip: '192.168.24.1', os.name: 'Windows 10', os.arch: 'amd64', os.version: '10.0', java.version: '1.8.0_191'
Driver info: org.openqa.selenium.chrome.ChromeDriver
Capabilities {acceptInsecureCerts: false, acceptSslCerts: false, applicationCacheEnabled: false, browserConnectionEnabled: false, browserName: chrome, chrome: {chromedriverVersion: 2.36.540470 (e522d04694c7eb..., userDataDir: C:\Users\丹哥\AppData\Local\T...}, cssSelectorsEnabled: true, databaseEnabled: false, handlesAlerts: true, hasTouchScreen: false, javascriptEnabled: true, locationContextEnabled: true, mobileEmulationEnabled: false, nativeEvents: true, networkConnectionEnabled: false, pageLoadStrategy: normal, platform: XP, platformName: XP, rotatable: false, setWindowRect: true, takesHeapSnapshot: true, takesScreenshot: true, unexpectedAlertBehaviour: , unhandledPromptBehavior: , version: 70.0.3538.77, webStorageEnabled: true}
Session ID: 920ceb61299333a45491d31fbcc3f089
at org.openqa.selenium.remote.ErrorHandler.createThrowable(ErrorHandler.java:214)
at org.openqa.selenium.remote.ErrorHandler.throwIfResponseFailed(ErrorHandler.java:166)
at org.openqa.selenium.remote.http.JsonHttpResponseCodec.reconstructValue(JsonHttpResponseCodec.java:40)
at org.openqa.selenium.remote.http.AbstractHttpResponseCodec.decode(AbstractHttpResponseCodec.java:80)
at org.openqa.selenium.remote.http.AbstractHttpResponseCodec.decode(AbstractHttpResponseCodec.java:44)
at org.openqa.selenium.remote.HttpCommandExecutor.execute(HttpCommandExecutor.java:160)
at org.openqa.selenium.remote.service.DriverCommandExecutor.execute(DriverCommandExecutor.java:83)
at org.openqa.selenium.remote.RemoteWebDriver.execute(RemoteWebDriver.java:601)
at org.openqa.selenium.remote.RemoteWebElement.execute(RemoteWebElement.java:279)
at org.openqa.selenium.remote.RemoteWebElement.click(RemoteWebElement.java:83)
at com.testcases.VicubeSystem.alarmDisplayResolvedAlarm(VicubeSystem.java:2552)
at java.util.concurrent.FutureTask.run(FutureTask.java:266)
at java.util.concurrent.Executors$RunnableAdapter.call(Executors.java:511)
at java.util.concurrent.FutureTask.run(FutureTask.java:266)
at java.util.concurrent.ThreadPoolExecutor.runWorker(ThreadPoolExecutor.java:1149)
at java.util.concurrent.ThreadPoolExecutor$Worker.run(ThreadPoolExecutor.java:624)
at java.lang.Thread.run(Thread.java:748)
... Removed 13 stack frames]]>
    </failure>
  </testcase> <!-- alarmDisplayResolvedAlarm -->
  <testcase name="alarmDisplayIgnoreAlarm" time="1.092" classname="com.testcases.VicubeSystem">
    <failure type="org.openqa.selenium.WebDriverException" message="unknown error: Element &amp;lt;td ng-style=&amp;quot;bgColorState_30&amp;quot; ng-click=&amp;quot;clickState(&amp;apos;30&amp;apos;)&amp;quot; style=&amp;quot;color: rgb(124, 132, 145); background-color: rgb(255, 255, 255);&amp;quot;&amp;gt;...&amp;lt;/td&amp;gt; is not clickable at point (716, 98). Other element would receive the click: &amp;lt;div modal-render=&amp;quot;true&amp;quot; tabindex=&amp;quot;-1&amp;quot; role=&amp;quot;dialog&amp;quot; class=&amp;quot;modal fade ng-isolate-scope alertModal alertForwordModal in&amp;quot; modal-animation-class=&amp;quot;fade&amp;quot; modal-in-class=&amp;quot;in&amp;quot; ng-style=&amp;quot;{&amp;apos;z-index&amp;apos;: 1050 + index*10, display: &amp;apos;block&amp;apos;}&amp;quot; ng-click=&amp;quot;close($event)&amp;quot; modal-window=&amp;quot;modal-window&amp;quot; window-class=&amp;quot;alertModal alertForwordModal&amp;quot; index=&amp;quot;0&amp;quot; animate=&amp;quot;animate&amp;quot; modal-animation=&amp;quot;true&amp;quot; id=&amp;quot;alertForwordModal&amp;quot; style=&amp;quot;z-index: 1050; display: block;&amp;quot;&amp;gt;...&amp;lt;/div&amp;gt;
  (Session info: headless chrome=70.0.3538.77)
  (Driver info: chromedriver=2.36.540470 (e522d04694c7ebea4ba8821272dbef4f9b818c91),platform=Windows NT 10.0.17134 x86_64) (WARNING: The server did not provide any stacktrace information)
Command duration or timeout: 0 milliseconds
Build info: version: &amp;apos;3.10.0&amp;apos;, revision: &amp;apos;176b4a9&amp;apos;, time: &amp;apos;2018-03-02T19:03:16.397Z&amp;apos;
System info: host: &amp;apos;LOSTYOUTH&amp;apos;, ip: &amp;apos;192.168.24.1&amp;apos;, os.name: &amp;apos;Windows 10&amp;apos;, os.arch: &amp;apos;amd64&amp;apos;, os.version: &amp;apos;10.0&amp;apos;, java.version: &amp;apos;1.8.0_191&amp;apos;
Driver info: org.openqa.selenium.chrome.ChromeDriver
Capabilities {acceptInsecureCerts: false, acceptSslCerts: false, applicationCacheEnabled: false, browserConnectionEnabled: false, browserName: chrome, chrome: {chromedriverVersion: 2.36.540470 (e522d04694c7eb..., userDataDir: C:\Users\丹哥\AppData\Local\T...}, cssSelectorsEnabled: true, databaseEnabled: false, handlesAlerts: true, hasTouchScreen: false, javascriptEnabled: true, locationContextEnabled: true, mobileEmulationEnabled: false, nativeEvents: true, networkConnectionEnabled: false, pageLoadStrategy: normal, platform: XP, platformName: XP, rotatable: false, setWindowRect: true, takesHeapSnapshot: true, takesScreenshot: true, unexpectedAlertBehaviour: , unhandledPromptBehavior: , version: 70.0.3538.77, webStorageEnabled: true}
Session ID: 920ceb61299333a45491d31fbcc3f089">
      <![CDATA[org.openqa.selenium.WebDriverException: unknown error: Element <td ng-style="bgColorState_30" ng-click="clickState('30')" style="color: rgb(124, 132, 145); background-color: rgb(255, 255, 255);">...</td> is not clickable at point (716, 98). Other element would receive the click: <div modal-render="true" tabindex="-1" role="dialog" class="modal fade ng-isolate-scope alertModal alertForwordModal in" modal-animation-class="fade" modal-in-class="in" ng-style="{'z-index': 1050 + index*10, display: 'block'}" ng-click="close($event)" modal-window="modal-window" window-class="alertModal alertForwordModal" index="0" animate="animate" modal-animation="true" id="alertForwordModal" style="z-index: 1050; display: block;">...</div>
  (Session info: headless chrome=70.0.3538.77)
  (Driver info: chromedriver=2.36.540470 (e522d04694c7ebea4ba8821272dbef4f9b818c91),platform=Windows NT 10.0.17134 x86_64) (WARNING: The server did not provide any stacktrace information)
Command duration or timeout: 0 milliseconds
Build info: version: '3.10.0', revision: '176b4a9', time: '2018-03-02T19:03:16.397Z'
System info: host: 'LOSTYOUTH', ip: '192.168.24.1', os.name: 'Windows 10', os.arch: 'amd64', os.version: '10.0', java.version: '1.8.0_191'
Driver info: org.openqa.selenium.chrome.ChromeDriver
Capabilities {acceptInsecureCerts: false, acceptSslCerts: false, applicationCacheEnabled: false, browserConnectionEnabled: false, browserName: chrome, chrome: {chromedriverVersion: 2.36.540470 (e522d04694c7eb..., userDataDir: C:\Users\丹哥\AppData\Local\T...}, cssSelectorsEnabled: true, databaseEnabled: false, handlesAlerts: true, hasTouchScreen: false, javascriptEnabled: true, locationContextEnabled: true, mobileEmulationEnabled: false, nativeEvents: true, networkConnectionEnabled: false, pageLoadStrategy: normal, platform: XP, platformName: XP, rotatable: false, setWindowRect: true, takesHeapSnapshot: true, takesScreenshot: true, unexpectedAlertBehaviour: , unhandledPromptBehavior: , version: 70.0.3538.77, webStorageEnabled: true}
Session ID: 920ceb61299333a45491d31fbcc3f089
at org.openqa.selenium.remote.ErrorHandler.createThrowable(ErrorHandler.java:214)
at org.openqa.selenium.remote.ErrorHandler.throwIfResponseFailed(ErrorHandler.java:166)
at org.openqa.selenium.remote.http.JsonHttpResponseCodec.reconstructValue(JsonHttpResponseCodec.java:40)
at org.openqa.selenium.remote.http.AbstractHttpResponseCodec.decode(AbstractHttpResponseCodec.java:80)
at org.openqa.selenium.remote.http.AbstractHttpResponseCodec.decode(AbstractHttpResponseCodec.java:44)
at org.openqa.selenium.remote.HttpCommandExecutor.execute(HttpCommandExecutor.java:160)
at org.openqa.selenium.remote.service.DriverCommandExecutor.execute(DriverCommandExecutor.java:83)
at org.openqa.selenium.remote.RemoteWebDriver.execute(RemoteWebDriver.java:601)
at org.openqa.selenium.remote.RemoteWebElement.execute(RemoteWebElement.java:279)
at org.openqa.selenium.remote.RemoteWebElement.click(RemoteWebElement.java:83)
at com.testcases.VicubeSystem.alarmDisplayIgnoreAlarm(VicubeSystem.java:2588)
at java.util.concurrent.FutureTask.run(FutureTask.java:266)
at java.util.concurrent.Executors$RunnableAdapter.call(Executors.java:511)
at java.util.concurrent.FutureTask.run(FutureTask.java:266)
at java.util.concurrent.ThreadPoolExecutor.runWorker(ThreadPoolExecutor.java:1149)
at java.util.concurrent.ThreadPoolExecutor$Worker.run(ThreadPoolExecutor.java:624)
at java.lang.Thread.run(Thread.java:748)
... Removed 13 stack frames]]>
    </failure>
  </testcase> <!-- alarmDisplayIgnoreAlarm -->
  <testcase name="alarmDisplayAlarmsNumberVerify" time="1.102" classname="com.testcases.VicubeSystem">
    <failure type="org.openqa.selenium.WebDriverException" message="unknown error: Element &amp;lt;td ng-class=&amp;quot;bgColorState_class_0&amp;quot; ng-style=&amp;quot;bgColorState_0&amp;quot; ng-click=&amp;quot;clickState(&amp;apos;0&amp;apos;)&amp;quot; style=&amp;quot;color: rgb(124, 132, 145); background-color: rgb(255, 255, 255);&amp;quot;&amp;gt;...&amp;lt;/td&amp;gt; is not clickable at point (295, 98). Other element would receive the click: &amp;lt;div class=&amp;quot;modal-body panel-body&amp;quot;&amp;gt;...&amp;lt;/div&amp;gt;
  (Session info: headless chrome=70.0.3538.77)
  (Driver info: chromedriver=2.36.540470 (e522d04694c7ebea4ba8821272dbef4f9b818c91),platform=Windows NT 10.0.17134 x86_64) (WARNING: The server did not provide any stacktrace information)
Command duration or timeout: 0 milliseconds
Build info: version: &amp;apos;3.10.0&amp;apos;, revision: &amp;apos;176b4a9&amp;apos;, time: &amp;apos;2018-03-02T19:03:16.397Z&amp;apos;
System info: host: &amp;apos;LOSTYOUTH&amp;apos;, ip: &amp;apos;192.168.24.1&amp;apos;, os.name: &amp;apos;Windows 10&amp;apos;, os.arch: &amp;apos;amd64&amp;apos;, os.version: &amp;apos;10.0&amp;apos;, java.version: &amp;apos;1.8.0_191&amp;apos;
Driver info: org.openqa.selenium.chrome.ChromeDriver
Capabilities {acceptInsecureCerts: false, acceptSslCerts: false, applicationCacheEnabled: false, browserConnectionEnabled: false, browserName: chrome, chrome: {chromedriverVersion: 2.36.540470 (e522d04694c7eb..., userDataDir: C:\Users\丹哥\AppData\Local\T...}, cssSelectorsEnabled: true, databaseEnabled: false, handlesAlerts: true, hasTouchScreen: false, javascriptEnabled: true, locationContextEnabled: true, mobileEmulationEnabled: false, nativeEvents: true, networkConnectionEnabled: false, pageLoadStrategy: normal, platform: XP, platformName: XP, rotatable: false, setWindowRect: true, takesHeapSnapshot: true, takesScreenshot: true, unexpectedAlertBehaviour: , unhandledPromptBehavior: , version: 70.0.3538.77, webStorageEnabled: true}
Session ID: 920ceb61299333a45491d31fbcc3f089">
      <![CDATA[org.openqa.selenium.WebDriverException: unknown error: Element <td ng-class="bgColorState_class_0" ng-style="bgColorState_0" ng-click="clickState('0')" style="color: rgb(124, 132, 145); background-color: rgb(255, 255, 255);">...</td> is not clickable at point (295, 98). Other element would receive the click: <div class="modal-body panel-body">...</div>
  (Session info: headless chrome=70.0.3538.77)
  (Driver info: chromedriver=2.36.540470 (e522d04694c7ebea4ba8821272dbef4f9b818c91),platform=Windows NT 10.0.17134 x86_64) (WARNING: The server did not provide any stacktrace information)
Command duration or timeout: 0 milliseconds
Build info: version: '3.10.0', revision: '176b4a9', time: '2018-03-02T19:03:16.397Z'
System info: host: 'LOSTYOUTH', ip: '192.168.24.1', os.name: 'Windows 10', os.arch: 'amd64', os.version: '10.0', java.version: '1.8.0_191'
Driver info: org.openqa.selenium.chrome.ChromeDriver
Capabilities {acceptInsecureCerts: false, acceptSslCerts: false, applicationCacheEnabled: false, browserConnectionEnabled: false, browserName: chrome, chrome: {chromedriverVersion: 2.36.540470 (e522d04694c7eb..., userDataDir: C:\Users\丹哥\AppData\Local\T...}, cssSelectorsEnabled: true, databaseEnabled: false, handlesAlerts: true, hasTouchScreen: false, javascriptEnabled: true, locationContextEnabled: true, mobileEmulationEnabled: false, nativeEvents: true, networkConnectionEnabled: false, pageLoadStrategy: normal, platform: XP, platformName: XP, rotatable: false, setWindowRect: true, takesHeapSnapshot: true, takesScreenshot: true, unexpectedAlertBehaviour: , unhandledPromptBehavior: , version: 70.0.3538.77, webStorageEnabled: true}
Session ID: 920ceb61299333a45491d31fbcc3f089
at org.openqa.selenium.remote.ErrorHandler.createThrowable(ErrorHandler.java:214)
at org.openqa.selenium.remote.ErrorHandler.throwIfResponseFailed(ErrorHandler.java:166)
at org.openqa.selenium.remote.http.JsonHttpResponseCodec.reconstructValue(JsonHttpResponseCodec.java:40)
at org.openqa.selenium.remote.http.AbstractHttpResponseCodec.decode(AbstractHttpResponseCodec.java:80)
at org.openqa.selenium.remote.http.AbstractHttpResponseCodec.decode(AbstractHttpResponseCodec.java:44)
at org.openqa.selenium.remote.HttpCommandExecutor.execute(HttpCommandExecutor.java:160)
at org.openqa.selenium.remote.service.DriverCommandExecutor.execute(DriverCommandExecutor.java:83)
at org.openqa.selenium.remote.RemoteWebDriver.execute(RemoteWebDriver.java:601)
at org.openqa.selenium.remote.RemoteWebElement.execute(RemoteWebElement.java:279)
at org.openqa.selenium.remote.RemoteWebElement.click(RemoteWebElement.java:83)
at com.testcases.VicubeSystem.alarmDisplayAlarmsNumberVerify(VicubeSystem.java:3925)
at java.util.concurrent.FutureTask.run(FutureTask.java:266)
at java.util.concurrent.Executors$RunnableAdapter.call(Executors.java:511)
at java.util.concurrent.FutureTask.run(FutureTask.java:266)
at java.util.concurrent.ThreadPoolExecutor.runWorker(ThreadPoolExecutor.java:1149)
at java.util.concurrent.ThreadPoolExecutor$Worker.run(ThreadPoolExecutor.java:624)
at java.lang.Thread.run(Thread.java:748)
... Removed 13 stack frames]]>
    </failure>
  </testcase> <!-- alarmDisplayAlarmsNumberVerify -->
  <testcase name="alarmDisplayViewCancel" time="0.0" classname="com.testcases.VicubeSystem">
    <ignored/>
  </testcase> <!-- alarmDisplayViewCancel -->
  <testcase name="userChangeState" time="0.0" classname="com.testcases.VicubeSystem">
    <ignored/>
  </testcase> <!-- userChangeState -->
  <testcase name="concentrateAlarmAlarmInformInformWayEditSelect1" time="0.0" classname="com.testcases.VicubeSystem">
    <ignored/>
  </testcase> <!-- concentrateAlarmAlarmInformInformWayEditSelect1 -->
  <testcase name="denoiseStrategyalarmFilterRulesDeleteAndSelectVerify" time="0.0" classname="com.testcases.VicubeSystem">
    <ignored/>
  </testcase> <!-- denoiseStrategyalarmFilterRulesDeleteAndSelectVerify -->
  <testcase name="userSelect" time="0.0" classname="com.testcases.VicubeSystem">
    <ignored/>
  </testcase> <!-- userSelect -->
  <testcase name="alarmFilterRulesCreateRulesConditionAdvancedSetting" time="0.0" classname="com.testcases.VicubeSystem">
    <ignored/>
  </testcase> <!-- alarmFilterRulesCreateRulesConditionAdvancedSetting -->
  <testcase name="forwardShiftingRecodingSelect" time="0.0" classname="com.testcases.VicubeSystem">
    <ignored/>
  </testcase> <!-- forwardShiftingRecodingSelect -->
  <testcase name="workingGroupManagementEdit" time="0.0" classname="com.testcases.VicubeSystem">
    <ignored/>
  </testcase> <!-- workingGroupManagementEdit -->
  <testcase name="auditManagement" time="0.0" classname="com.testcases.VicubeSystem">
    <ignored/>
  </testcase> <!-- auditManagement -->
  <testcase name="workingGroupManagementEditSelect" time="0.0" classname="com.testcases.VicubeSystem">
    <ignored/>
  </testcase> <!-- workingGroupManagementEditSelect -->
  <testcase name="alarmDisplayColumnSettingAllChoose" time="0.0" classname="com.testcases.VicubeSystem">
    <ignored/>
  </testcase> <!-- alarmDisplayColumnSettingAllChoose -->
  <testcase name="alarmDisplayForwardShiftingClick1" time="0.0" classname="com.testcases.VicubeSystem">
    <ignored/>
  </testcase> <!-- alarmDisplayForwardShiftingClick1 -->
  <testcase name="auditManagementSelect" time="0.0" classname="com.testcases.VicubeSystem">
    <ignored/>
  </testcase> <!-- auditManagementSelect -->
  <testcase name="denoiseStrategyAlarmMergeRulesSelectVerify" time="0.0" classname="com.testcases.VicubeSystem">
    <ignored/>
  </testcase> <!-- denoiseStrategyAlarmMergeRulesSelectVerify -->
  <testcase name="concentrateAlarmAlarmInformInformWayCreateSelect" time="0.0" classname="com.testcases.VicubeSystem">
    <ignored/>
  </testcase> <!-- concentrateAlarmAlarmInformInformWayCreateSelect -->
  <testcase name="denoiseStrategyAlarmMergeRulesEditSelect" time="0.0" classname="com.testcases.VicubeSystem">
    <ignored/>
  </testcase> <!-- denoiseStrategyAlarmMergeRulesEditSelect -->
  <testcase name="concentrateAlarmAlarmInformInformWayEdit" time="0.0" classname="com.testcases.VicubeSystem">
    <ignored/>
  </testcase> <!-- concentrateAlarmAlarmInformInformWayEdit -->
  <testcase name="alarmClassifyRulesEditRulesConditionAdvancedSetting" time="0.0" classname="com.testcases.VicubeSystem">
    <ignored/>
  </testcase> <!-- alarmClassifyRulesEditRulesConditionAdvancedSetting -->
  <testcase name="denoiseStrategyAlarmUpgradeRulesEditSelect" time="0.0" classname="com.testcases.VicubeSystem">
    <ignored/>
  </testcase> <!-- denoiseStrategyAlarmUpgradeRulesEditSelect -->
  <testcase name="alarmScreenCreateRulesConditionSetting" time="0.0" classname="com.testcases.VicubeSystem">
    <ignored/>
  </testcase> <!-- alarmScreenCreateRulesConditionSetting -->
  <testcase name="chooseUserButton" time="0.0" classname="com.testcases.VicubeSystem">
    <ignored/>
  </testcase> <!-- chooseUserButton -->
  <testcase name="alarmRecoveryRulesEditBasicSetting" time="0.0" classname="com.testcases.VicubeSystem">
    <ignored/>
  </testcase> <!-- alarmRecoveryRulesEditBasicSetting -->
  <testcase name="denoiseStrategyChooseAlarmUpgradeRules" time="0.0" classname="com.testcases.VicubeSystem">
    <ignored/>
  </testcase> <!-- denoiseStrategyChooseAlarmUpgradeRules -->
  <testcase name="concentrateAlarmAlarmInform" time="0.0" classname="com.testcases.VicubeSystem">
    <ignored/>
  </testcase> <!-- concentrateAlarmAlarmInform -->
  <testcase name="alarmRecoveryRulesCreateRulesConditionAdvancedSetting" time="0.0" classname="com.testcases.VicubeSystem">
    <ignored/>
  </testcase> <!-- alarmRecoveryRulesCreateRulesConditionAdvancedSetting -->
  <testcase name="denoiseStrategyAlarmClassifyRulesEditSelect" time="0.0" classname="com.testcases.VicubeSystem">
    <ignored/>
  </testcase> <!-- denoiseStrategyAlarmClassifyRulesEditSelect -->
  <testcase name="denoiseStrategyalarmRecoveryRulesEditSelectVerify" time="0.0" classname="com.testcases.VicubeSystem">
    <ignored/>
  </testcase> <!-- denoiseStrategyalarmRecoveryRulesEditSelectVerify -->
  <testcase name="alarmScreenCreatSelectVerify" time="0.0" classname="com.testcases.VicubeSystem">
    <ignored/>
  </testcase> <!-- alarmScreenCreatSelectVerify -->
  <testcase name="commonSave" time="0.0" classname="com.testcases.VicubeSystem">
    <ignored/>
  </testcase> <!-- commonSave -->
  <testcase name="userViewConfig" time="0.0" classname="com.testcases.VicubeSystem">
    <ignored/>
  </testcase> <!-- userViewConfig -->
  <testcase name="concentrateAlarmAlarmInformAlarmScreen" time="0.0" classname="com.testcases.VicubeSystem">
    <ignored/>
  </testcase> <!-- concentrateAlarmAlarmInformAlarmScreen -->
  <testcase name="alarmSelectNotifyRecordQuery" time="0.0" classname="com.testcases.VicubeSystem">
    <ignored/>
  </testcase> <!-- alarmSelectNotifyRecordQuery -->
  <testcase name="alarmMergeRulesCreateRulesConditionAdvancedSetting" time="0.0" classname="com.testcases.VicubeSystem">
    <ignored/>
  </testcase> <!-- alarmMergeRulesCreateRulesConditionAdvancedSetting -->
  <testcase name="userEditSaveSelect1" time="0.0" classname="com.testcases.VicubeSystem">
    <ignored/>
  </testcase> <!-- userEditSaveSelect1 -->
  <testcase name="alarmFilterRulesCreateBasicSetting" time="0.0" classname="com.testcases.VicubeSystem">
    <ignored/>
  </testcase> <!-- alarmFilterRulesCreateBasicSetting -->
  <testcase name="alarmClassifyRulesCreateAlarmClassifySetting" time="0.0" classname="com.testcases.VicubeSystem">
    <ignored/>
  </testcase> <!-- alarmClassifyRulesCreateAlarmClassifySetting -->
  <testcase name="denoiseStrategyalarmFilterRulesSelectVerify" time="0.0" classname="com.testcases.VicubeSystem">
    <ignored/>
  </testcase> <!-- denoiseStrategyalarmFilterRulesSelectVerify -->
  <testcase name="workingGroupAssignmentUser" time="0.0" classname="com.testcases.VicubeSystem">
    <ignored/>
  </testcase> <!-- workingGroupAssignmentUser -->
  <testcase name="verifyMenuSystemManagement" time="0.0" classname="com.testcases.VicubeSystem">
    <ignored/>
  </testcase> <!-- verifyMenuSystemManagement -->
  <testcase name="userEdit" time="0.0" classname="com.testcases.VicubeSystem">
    <ignored/>
  </testcase> <!-- userEdit -->
  <testcase name="alarmSelectNotifyRecordView" time="0.0" classname="com.testcases.VicubeSystem">
    <ignored/>
  </testcase> <!-- alarmSelectNotifyRecordView -->
  <testcase name="receiveGroupingQuery" time="0.0" classname="com.testcases.VicubeSystem">
    <ignored/>
  </testcase> <!-- receiveGroupingQuery -->
  <testcase name="alarmRelevanceRulesEditRulesConditionSetting" time="0.0" classname="com.testcases.VicubeSystem">
    <ignored/>
  </testcase> <!-- alarmRelevanceRulesEditRulesConditionSetting -->
  <testcase name="alarmDisplayExportButton" time="0.0" classname="com.testcases.VicubeSystem">
    <ignored/>
  </testcase> <!-- alarmDisplayExportButton -->
  <testcase name="alarmRelevanceRulesEditBasicSetting" time="0.0" classname="com.testcases.VicubeSystem">
    <ignored/>
  </testcase> <!-- alarmRelevanceRulesEditBasicSetting -->
  <testcase name="denoiseStrategyalarmRelevanceRulesEditSelectVerify" time="0.0" classname="com.testcases.VicubeSystem">
    <ignored/>
  </testcase> <!-- denoiseStrategyalarmRelevanceRulesEditSelectVerify -->
  <testcase name="denoiseStrategyAlarmUpgradeRulesDeleteAndSelectVerify" time="0.0" classname="com.testcases.VicubeSystem">
    <ignored/>
  </testcase> <!-- denoiseStrategyAlarmUpgradeRulesDeleteAndSelectVerify -->
  <testcase name="alarmConfigWarningStrategyEdit" time="0.0" classname="com.testcases.VicubeSystem">
    <ignored/>
  </testcase> <!-- alarmConfigWarningStrategyEdit -->
  <testcase name="alarmFilterRulesCreateRulesConditionSetting" time="0.0" classname="com.testcases.VicubeSystem">
    <ignored/>
  </testcase> <!-- alarmFilterRulesCreateRulesConditionSetting -->
  <testcase name="denoiseStrategyChooseAlarmFilterRules" time="0.0" classname="com.testcases.VicubeSystem">
    <ignored/>
  </testcase> <!-- denoiseStrategyChooseAlarmFilterRules -->
  <testcase name="denoiseStrategy" time="0.0" classname="com.testcases.VicubeSystem">
    <ignored/>
  </testcase> <!-- denoiseStrategy -->
  <testcase name="alarmClassifyRulesEditRulesConditionSetting" time="0.0" classname="com.testcases.VicubeSystem">
    <ignored/>
  </testcase> <!-- alarmClassifyRulesEditRulesConditionSetting -->
  <testcase name="alarmDisplayRelevanceAlarm" time="0.0" classname="com.testcases.VicubeSystem">
    <ignored/>
  </testcase> <!-- alarmDisplayRelevanceAlarm -->
  <testcase name="alarmConfigWarningStrategyDelete" time="0.0" classname="com.testcases.VicubeSystem">
    <ignored/>
  </testcase> <!-- alarmConfigWarningStrategyDelete -->
  <testcase name="alarmMergeRulesEditAlarmMergeSetting" time="0.0" classname="com.testcases.VicubeSystem">
    <ignored/>
  </testcase> <!-- alarmMergeRulesEditAlarmMergeSetting -->
  <testcase name="alarmDisplayViewForwardShifting" time="0.0" classname="com.testcases.VicubeSystem">
    <ignored/>
  </testcase> <!-- alarmDisplayViewForwardShifting -->
  <testcase name="workingGroupManagementSelect" time="0.0" classname="com.testcases.VicubeSystem">
    <ignored/>
  </testcase> <!-- workingGroupManagementSelect -->
  <testcase name="alarmDisplaySelect" time="0.0" classname="com.testcases.VicubeSystem">
    <ignored/>
  </testcase> <!-- alarmDisplaySelect -->
  <testcase name="alarmScreenEditBasicSetting" time="0.0" classname="com.testcases.VicubeSystem">
    <ignored/>
  </testcase> <!-- alarmScreenEditBasicSetting -->
  <testcase name="alarmRecoveryRulesEditAlarmClassifySetting" time="0.0" classname="com.testcases.VicubeSystem">
    <ignored/>
  </testcase> <!-- alarmRecoveryRulesEditAlarmClassifySetting -->
  <testcase name="workingGroupManagement" time="0.0" classname="com.testcases.VicubeSystem">
    <ignored/>
  </testcase> <!-- workingGroupManagement -->
  <testcase name="userGroupDelete" time="0.0" classname="com.testcases.VicubeSystem">
    <ignored/>
  </testcase> <!-- userGroupDelete -->
  <testcase name="thresholdStrategyDelete" time="0.0" classname="com.testcases.VicubeSystem">
    <ignored/>
  </testcase> <!-- thresholdStrategyDelete -->
  <testcase name="alarmQueryHistoryAlarmForwardShiftingMode2" time="0.0" classname="com.testcases.VicubeSystem">
    <ignored/>
  </testcase> <!-- alarmQueryHistoryAlarmForwardShiftingMode2 -->
  <testcase name="alarmScreenCreateBasicSetting" time="0.0" classname="com.testcases.VicubeSystem">
    <ignored/>
  </testcase> <!-- alarmScreenCreateBasicSetting -->
  <testcase name="workingGroupAssignmentManagement" time="0.0" classname="com.testcases.VicubeSystem">
    <ignored/>
  </testcase> <!-- workingGroupAssignmentManagement -->
  <testcase name="concentrateAlarmAlarmInformInformWayCreateRelatedAlarm" time="0.0" classname="com.testcases.VicubeSystem">
    <ignored/>
  </testcase> <!-- concentrateAlarmAlarmInformInformWayCreateRelatedAlarm -->
  <testcase name="alarmMergeRulesEditBasicSetting" time="0.0" classname="com.testcases.VicubeSystem">
    <ignored/>
  </testcase> <!-- alarmMergeRulesEditBasicSetting -->
  <testcase name="concentrateAlarmAlarmInformInformWay" time="0.0" classname="com.testcases.VicubeSystem">
    <ignored/>
  </testcase> <!-- concentrateAlarmAlarmInformInformWay -->
  <testcase name="alarmDisplayViewOtherInformation" time="0.0" classname="com.testcases.VicubeSystem">
    <ignored/>
  </testcase> <!-- alarmDisplayViewOtherInformation -->
  <testcase name="alarmScreenEditAlarmClassifySetting" time="0.0" classname="com.testcases.VicubeSystem">
    <ignored/>
  </testcase> <!-- alarmScreenEditAlarmClassifySetting -->
  <testcase name="alarmInformAlarmScreenEditSelect" time="0.0" classname="com.testcases.VicubeSystem">
    <ignored/>
  </testcase> <!-- alarmInformAlarmScreenEditSelect -->
  <testcase name="denoiseStrategyAlarmUpgradeRulesEditSelectVerify" time="0.0" classname="com.testcases.VicubeSystem">
    <ignored/>
  </testcase> <!-- denoiseStrategyAlarmUpgradeRulesEditSelectVerify -->
  <testcase name="alarmClassifyRulesCreateRulesConditionAdvancedSetting" time="0.0" classname="com.testcases.VicubeSystem">
    <ignored/>
  </testcase> <!-- alarmClassifyRulesCreateRulesConditionAdvancedSetting -->
  <testcase name="receiveGroupingEditQuery" time="0.0" classname="com.testcases.VicubeSystem">
    <ignored/>
  </testcase> <!-- receiveGroupingEditQuery -->
  <testcase name="alarmQueryHistoryAlarmSelect" time="0.0" classname="com.testcases.VicubeSystem">
    <ignored/>
  </testcase> <!-- alarmQueryHistoryAlarmSelect -->
  <testcase name="alarmInformAlarmScreenBlockUp" time="0.0" classname="com.testcases.VicubeSystem">
    <ignored/>
  </testcase> <!-- alarmInformAlarmScreenBlockUp -->
  <testcase name="receiveGroupingDeleteQuery" time="0.0" classname="com.testcases.VicubeSystem">
    <ignored/>
  </testcase> <!-- receiveGroupingDeleteQuery -->
  <testcase name="alarmDisplayViewResolvedOfResolvedHintConfirm" time="0.0" classname="com.testcases.VicubeSystem">
    <ignored/>
  </testcase> <!-- alarmDisplayViewResolvedOfResolvedHintConfirm -->
  <testcase name="concentrateAlarmAlarmSelectForwardShiftingRecording" time="0.0" classname="com.testcases.VicubeSystem">
    <ignored/>
  </testcase> <!-- concentrateAlarmAlarmSelectForwardShiftingRecording -->
  <testcase name="denoiseStrategyChooseAlarmClassifyRules" time="0.0" classname="com.testcases.VicubeSystem">
    <ignored/>
  </testcase> <!-- denoiseStrategyChooseAlarmClassifyRules -->
  <testcase name="alarmRelevanceRulesCreateBasicSetting" time="0.0" classname="com.testcases.VicubeSystem">
    <ignored/>
  </testcase> <!-- alarmRelevanceRulesCreateBasicSetting -->
  <testcase name="denoiseStrategyChooseAlarmMergeRules" time="0.0" classname="com.testcases.VicubeSystem">
    <ignored/>
  </testcase> <!-- denoiseStrategyChooseAlarmMergeRules -->
  <testcase name="alarmClassifyRulesEditBasicSetting" time="0.0" classname="com.testcases.VicubeSystem">
    <ignored/>
  </testcase> <!-- alarmClassifyRulesEditBasicSetting -->
  <testcase name="alarmScreenEditRulesConditionAdvancedSetting" time="0.0" classname="com.testcases.VicubeSystem">
    <ignored/>
  </testcase> <!-- alarmScreenEditRulesConditionAdvancedSetting -->
  <testcase name="concentrateAlarmAlarmInformReceiveGrouping" time="0.0" classname="com.testcases.VicubeSystem">
    <ignored/>
  </testcase> <!-- concentrateAlarmAlarmInformReceiveGrouping -->
  <testcase name="alarmRulesBlockUp" time="0.0" classname="com.testcases.VicubeSystem">
    <ignored/>
  </testcase> <!-- alarmRulesBlockUp -->
  <testcase name="concentrateAlarmAlarmInformInformWayDelete" time="0.0" classname="com.testcases.VicubeSystem">
    <ignored/>
  </testcase> <!-- concentrateAlarmAlarmInformInformWayDelete -->
  <testcase name="alarmMergeRulesEditRulesConditionSetting" time="0.0" classname="com.testcases.VicubeSystem">
    <ignored/>
  </testcase> <!-- alarmMergeRulesEditRulesConditionSetting -->
  <testcase name="alarmFilterRulesEditBasicSetting" time="0.0" classname="com.testcases.VicubeSystem">
    <ignored/>
  </testcase> <!-- alarmFilterRulesEditBasicSetting -->
  <testcase name="systemSetting" time="0.0" classname="com.testcases.VicubeSystem">
    <ignored/>
  </testcase> <!-- systemSetting -->
  <testcase name="alarmConfigWarningStrategy" time="0.0" classname="com.testcases.VicubeSystem">
    <ignored/>
  </testcase> <!-- alarmConfigWarningStrategy -->
  <testcase name="alarmDisplayViewMultitermHint" time="0.0" classname="com.testcases.VicubeSystem">
    <ignored/>
  </testcase> <!-- alarmDisplayViewMultitermHint -->
  <testcase name="alarmUpgradeRulesCreateAlarmUpgradeSetting" time="0.0" classname="com.testcases.VicubeSystem">
    <ignored/>
  </testcase> <!-- alarmUpgradeRulesCreateAlarmUpgradeSetting -->
  <testcase name="receiveGroupingEdit" time="0.0" classname="com.testcases.VicubeSystem">
    <ignored/>
  </testcase> <!-- receiveGroupingEdit -->
  <testcase name="alarmDisplayForwardShiftingHintConfirm1" time="0.0" classname="com.testcases.VicubeSystem">
    <ignored/>
  </testcase> <!-- alarmDisplayForwardShiftingHintConfirm1 -->
  <testcase name="alarmFilterRulesEditRulesConditionSetting" time="0.0" classname="com.testcases.VicubeSystem">
    <ignored/>
  </testcase> <!-- alarmFilterRulesEditRulesConditionSetting -->
  <testcase name="denoiseStrategyAlarmRecoveryRulesDeleteAndSelectVerify" time="0.0" classname="com.testcases.VicubeSystem">
    <ignored/>
  </testcase> <!-- denoiseStrategyAlarmRecoveryRulesDeleteAndSelectVerify -->
  <testcase name="denoiseStrategyAlarmRelevanceRulesDeleteAndSelectVerify" time="0.0" classname="com.testcases.VicubeSystem">
    <ignored/>
  </testcase> <!-- denoiseStrategyAlarmRelevanceRulesDeleteAndSelectVerify -->
  <testcase name="receiveGroupingDelete" time="0.0" classname="com.testcases.VicubeSystem">
    <ignored/>
  </testcase> <!-- receiveGroupingDelete -->
  <testcase name="alarmRelevanceRulesCreateSelectVerify" time="0.0" classname="com.testcases.VicubeSystem">
    <ignored/>
  </testcase> <!-- alarmRelevanceRulesCreateSelectVerify -->
  <testcase name="concentrateAlarmAlarmInformInformWayEditSelect" time="0.0" classname="com.testcases.VicubeSystem">
    <ignored/>
  </testcase> <!-- concentrateAlarmAlarmInformInformWayEditSelect -->
  <testcase name="alarmQueryHistoryAlarmForwardShifting" time="0.0" classname="com.testcases.VicubeSystem">
    <ignored/>
  </testcase> <!-- alarmQueryHistoryAlarmForwardShifting -->
  <testcase name="alarmScreenCreateAlarmUpgradeSetting" time="0.0" classname="com.testcases.VicubeSystem">
    <ignored/>
  </testcase> <!-- alarmScreenCreateAlarmUpgradeSetting -->
  <testcase name="alarmDisplayViewResolved2" time="0.0" classname="com.testcases.VicubeSystem">
    <ignored/>
  </testcase> <!-- alarmDisplayViewResolved2 -->
  <testcase name="alarmDisplayViewForwardShiftingHintConfirm" time="0.0" classname="com.testcases.VicubeSystem">
    <ignored/>
  </testcase> <!-- alarmDisplayViewForwardShiftingHintConfirm -->
  <testcase name="alarmRelevanceRulesCreateAffectAlarmSettingSave" time="0.0" classname="com.testcases.VicubeSystem">
    <ignored/>
  </testcase> <!-- alarmRelevanceRulesCreateAffectAlarmSettingSave -->
  <testcase name="concentrateAlarmAlarmInformInformWayCreate" time="0.0" classname="com.testcases.VicubeSystem">
    <ignored/>
  </testcase> <!-- concentrateAlarmAlarmInformInformWayCreate -->
  <testcase name="alarmClassifyRulesCreateBasicSetting" time="0.0" classname="com.testcases.VicubeSystem">
    <ignored/>
  </testcase> <!-- alarmClassifyRulesCreateBasicSetting -->
  <testcase name="denoiseStrategyAlarmRecoveryRulesEditSelect" time="0.0" classname="com.testcases.VicubeSystem">
    <ignored/>
  </testcase> <!-- denoiseStrategyAlarmRecoveryRulesEditSelect -->
  <testcase name="alarmDisplayInformClick1" time="0.0" classname="com.testcases.VicubeSystem">
    <ignored/>
  </testcase> <!-- alarmDisplayInformClick1 -->
  <testcase name="denoiseStrategyAlarmMergeRulesEditSelectVerify" time="0.0" classname="com.testcases.VicubeSystem">
    <ignored/>
  </testcase> <!-- denoiseStrategyAlarmMergeRulesEditSelectVerify -->
  <testcase name="alarmUpgradeRulesCreateBasicSetting" time="0.0" classname="com.testcases.VicubeSystem">
    <ignored/>
  </testcase> <!-- alarmUpgradeRulesCreateBasicSetting -->
  <testcase name="alarmUpgradeRulesCreateRulesConditionAdvancedSetting" time="0.0" classname="com.testcases.VicubeSystem">
    <ignored/>
  </testcase> <!-- alarmUpgradeRulesCreateRulesConditionAdvancedSetting -->
  <testcase name="alarmClassifyRulesEditAlarmClassifySetting" time="0.0" classname="com.testcases.VicubeSystem">
    <ignored/>
  </testcase> <!-- alarmClassifyRulesEditAlarmClassifySetting -->
  <testcase name="alarmScreenEditRulesConditionSetting" time="0.0" classname="com.testcases.VicubeSystem">
    <ignored/>
  </testcase> <!-- alarmScreenEditRulesConditionSetting -->
  <testcase name="alarmRelevanceRulesCreateRootAlarmSetting" time="0.0" classname="com.testcases.VicubeSystem">
    <ignored/>
  </testcase> <!-- alarmRelevanceRulesCreateRootAlarmSetting -->
  <testcase name="receiveGroupingNewGrouping" time="0.0" classname="com.testcases.VicubeSystem">
    <ignored/>
  </testcase> <!-- receiveGroupingNewGrouping -->
  <testcase name="menuModle" time="0.0" classname="com.testcases.VicubeSystem">
    <ignored/>
  </testcase> <!-- menuModle -->
  <testcase name="userDelete" time="0.0" classname="com.testcases.VicubeSystem">
    <ignored/>
  </testcase> <!-- userDelete -->
  <testcase name="userLogoutSystem" time="0.0" classname="com.testcases.VicubeSystem">
    <ignored/>
  </testcase> <!-- userLogoutSystem -->
  <testcase name="alarmUpgradeRulesEditBasicSetting" time="0.0" classname="com.testcases.VicubeSystem">
    <ignored/>
  </testcase> <!-- alarmUpgradeRulesEditBasicSetting -->
  <testcase name="alarmMergeRulesEditRulesConditionAdvancedSetting" time="0.0" classname="com.testcases.VicubeSystem">
    <ignored/>
  </testcase> <!-- alarmMergeRulesEditRulesConditionAdvancedSetting -->
  <testcase name="denoiseStrategyAlarmRecoveryRulesSelectVerify" time="0.0" classname="com.testcases.VicubeSystem">
    <ignored/>
  </testcase> <!-- denoiseStrategyAlarmRecoveryRulesSelectVerify -->
  <testcase name="concentrateAlarmAlarmSelectNotifyRecord" time="0.0" classname="com.testcases.VicubeSystem">
    <ignored/>
  </testcase> <!-- concentrateAlarmAlarmSelectNotifyRecord -->
  <testcase name="alarmScreenEditSelectVerify" time="0.0" classname="com.testcases.VicubeSystem">
    <ignored/>
  </testcase> <!-- alarmScreenEditSelectVerify -->
  <testcase name="alarmDisplayView" time="0.0" classname="com.testcases.VicubeSystem">
    <ignored/>
  </testcase> <!-- alarmDisplayView -->
  <testcase name="userManagementCreate" time="0.0" classname="com.testcases.VicubeSystem">
    <ignored/>
  </testcase> <!-- userManagementCreate -->
  <testcase name="workingGroupManagementGreate" time="0.0" classname="com.testcases.VicubeSystem">
    <ignored/>
  </testcase> <!-- workingGroupManagementGreate -->
  <testcase name="alarmDisplayChooseFunction4" time="0.0" classname="com.testcases.VicubeSystem">
    <ignored/>
  </testcase> <!-- alarmDisplayChooseFunction4 -->
  <testcase name="alarmDisplayChooseFunction1" time="0.0" classname="com.testcases.VicubeSystem">
    <ignored/>
  </testcase> <!-- alarmDisplayChooseFunction1 -->
  <testcase name="alarmDisplayChooseFunction3" time="0.0" classname="com.testcases.VicubeSystem">
    <ignored/>
  </testcase> <!-- alarmDisplayChooseFunction3 -->
  <testcase name="alarmInformAlarmScreenDeleteAndSelectVerify" time="0.0" classname="com.testcases.VicubeSystem">
    <ignored/>
  </testcase> <!-- alarmInformAlarmScreenDeleteAndSelectVerify -->
  <testcase name="alarmInformAlarmScreenStartUsing" time="0.0" classname="com.testcases.VicubeSystem">
    <ignored/>
  </testcase> <!-- alarmInformAlarmScreenStartUsing -->
  <testcase name="forwardShiftingRecodingViewCancel" time="0.0" classname="com.testcases.VicubeSystem">
    <ignored/>
  </testcase> <!-- forwardShiftingRecodingViewCancel -->
  <testcase name="denoiseStrategyAlarmClassifyRulesEditSelectVerify" time="0.0" classname="com.testcases.VicubeSystem">
    <ignored/>
  </testcase> <!-- denoiseStrategyAlarmClassifyRulesEditSelectVerify -->
  <testcase name="alarmRelevanceRulesCreateAffectAlarmSettingEdit" time="0.0" classname="com.testcases.VicubeSystem">
    <ignored/>
  </testcase> <!-- alarmRelevanceRulesCreateAffectAlarmSettingEdit -->
  <testcase name="alarmRelevanceRulesEditAlarmClassifySetting" time="0.0" classname="com.testcases.VicubeSystem">
    <ignored/>
  </testcase> <!-- alarmRelevanceRulesEditAlarmClassifySetting -->
  <testcase name="denoiseStrategyAlarmMergeRulesEditDeleteAndSelectVerify" time="0.0" classname="com.testcases.VicubeSystem">
    <ignored/>
  </testcase> <!-- denoiseStrategyAlarmMergeRulesEditDeleteAndSelectVerify -->
  <testcase name="refresh" time="0.0" classname="com.testcases.VicubeSystem">
    <ignored/>
  </testcase> <!-- refresh -->
  <testcase name="alarmDisplayChooseTwoFunction" time="0.0" classname="com.testcases.VicubeSystem">
    <ignored/>
  </testcase> <!-- alarmDisplayChooseTwoFunction -->
  <testcase name="alarmDisplayForwardShiftingMode2" time="0.0" classname="com.testcases.VicubeSystem">
    <ignored/>
  </testcase> <!-- alarmDisplayForwardShiftingMode2 -->
  <testcase name="userEditCancel" time="0.0" classname="com.testcases.VicubeSystem">
    <ignored/>
  </testcase> <!-- userEditCancel -->
  <testcase name="alarmRelevanceRulesCreateAffectAlarmSettingDelete" time="0.0" classname="com.testcases.VicubeSystem">
    <ignored/>
  </testcase> <!-- alarmRelevanceRulesCreateAffectAlarmSettingDelete -->
  <testcase name="alarmConfig" time="0.0" classname="com.testcases.VicubeSystem">
    <ignored/>
  </testcase> <!-- alarmConfig -->
  <testcase name="alarmClassifyRulesCreateRulesConditionSetting" time="0.0" classname="com.testcases.VicubeSystem">
    <ignored/>
  </testcase> <!-- alarmClassifyRulesCreateRulesConditionSetting -->
  <testcase name="shiftingRecordingView" time="0.0" classname="com.testcases.VicubeSystem">
    <ignored/>
  </testcase> <!-- shiftingRecordingView -->
  <testcase name="alarmConfigThresholdStrategy" time="0.0" classname="com.testcases.VicubeSystem">
    <ignored/>
  </testcase> <!-- alarmConfigThresholdStrategy -->
  <testcase name="denoiseStrategyAlarmClassifyRulesDeleteAndSelectVerify" time="0.0" classname="com.testcases.VicubeSystem">
    <ignored/>
  </testcase> <!-- denoiseStrategyAlarmClassifyRulesDeleteAndSelectVerify -->
  <testcase name="denoiseStrategyalarmFilterRulesEditSelect" time="0.0" classname="com.testcases.VicubeSystem">
    <ignored/>
  </testcase> <!-- denoiseStrategyalarmFilterRulesEditSelect -->
  <testcase name="concentrateAlarmAlarmInformInformWayDisable" time="0.0" classname="com.testcases.VicubeSystem">
    <ignored/>
  </testcase> <!-- concentrateAlarmAlarmInformInformWayDisable -->
  <testcase name="alarmQueryHistoryAlarmPaging" time="0.0" classname="com.testcases.VicubeSystem">
    <ignored/>
  </testcase> <!-- alarmQueryHistoryAlarmPaging -->
  <testcase name="denoiseStrategyChooseAlarmRelevanceRules" time="0.0" classname="com.testcases.VicubeSystem">
    <ignored/>
  </testcase> <!-- denoiseStrategyChooseAlarmRelevanceRules -->
  <testcase name="userLogin" time="0.0" classname="com.testcases.VicubeSystem">
    <ignored/>
  </testcase> <!-- userLogin -->
  <testcase name="alarmDisplayViewResolvedOfIgnoreHintConfirm" time="0.0" classname="com.testcases.VicubeSystem">
    <ignored/>
  </testcase> <!-- alarmDisplayViewResolvedOfIgnoreHintConfirm -->
  <testcase name="userResetPassword" time="0.0" classname="com.testcases.VicubeSystem">
    <ignored/>
  </testcase> <!-- userResetPassword -->
  <testcase name="userCreateSave" time="0.0" classname="com.testcases.VicubeSystem">
    <ignored/>
  </testcase> <!-- userCreateSave -->
  <testcase name="alarmDisplayViewOperationLogs" time="0.0" classname="com.testcases.VicubeSystem">
    <ignored/>
  </testcase> <!-- alarmDisplayViewOperationLogs -->
  <testcase name="alarmDisplayColumnSettingAllCancle" time="0.0" classname="com.testcases.VicubeSystem">
    <ignored/>
  </testcase> <!-- alarmDisplayColumnSettingAllCancle -->
  <testcase name="editSave" time="0.0" classname="com.testcases.VicubeSystem">
    <ignored/>
  </testcase> <!-- editSave -->
  <testcase name="alarmDisplayView3" time="0.0" classname="com.testcases.VicubeSystem">
    <ignored/>
  </testcase> <!-- alarmDisplayView3 -->
  <testcase name="alarmDisplaySelectClear" time="0.0" classname="com.testcases.VicubeSystem">
    <ignored/>
  </testcase> <!-- alarmDisplaySelectClear -->
  <testcase name="alarmDisplayView2" time="0.0" classname="com.testcases.VicubeSystem">
    <ignored/>
  </testcase> <!-- alarmDisplayView2 -->
  <testcase name="alarmDisplayView4" time="0.0" classname="com.testcases.VicubeSystem">
    <ignored/>
  </testcase> <!-- alarmDisplayView4 -->
  <testcase name="alarmRelevanceRulesCreateAffectAlarmSettingCreate" time="0.0" classname="com.testcases.VicubeSystem">
    <ignored/>
  </testcase> <!-- alarmRelevanceRulesCreateAffectAlarmSettingCreate -->
  <testcase name="alarmRelevanceRulesCreateRulesAdvancedSetting" time="0.0" classname="com.testcases.VicubeSystem">
    <ignored/>
  </testcase> <!-- alarmRelevanceRulesCreateRulesAdvancedSetting -->
  <testcase name="alarmDisplayAutoRefresh" time="0.0" classname="com.testcases.VicubeSystem">
    <ignored/>
  </testcase> <!-- alarmDisplayAutoRefresh -->
  <testcase name="userInvalidLogin" time="0.0" classname="com.testcases.VicubeSystem">
    <ignored/>
  </testcase> <!-- userInvalidLogin -->
  <testcase name="alarmRecoveryRulesCreateBasicSetting" time="0.0" classname="com.testcases.VicubeSystem">
    <ignored/>
  </testcase> <!-- alarmRecoveryRulesCreateBasicSetting -->
  <testcase name="workingGroupManagementInvalidSelect" time="0.0" classname="com.testcases.VicubeSystem">
    <ignored/>
  </testcase> <!-- workingGroupManagementInvalidSelect -->
  <testcase name="alarmConfigWarningStrategyCreate" time="0.0" classname="com.testcases.VicubeSystem">
    <ignored/>
  </testcase> <!-- alarmConfigWarningStrategyCreate -->
  <testcase name="alarmUpgradeRulesEditAlarmClassifySetting" time="0.0" classname="com.testcases.VicubeSystem">
    <ignored/>
  </testcase> <!-- alarmUpgradeRulesEditAlarmClassifySetting -->
  <testcase name="alarmDisplayViewResolved" time="0.0" classname="com.testcases.VicubeSystem">
    <ignored/>
  </testcase> <!-- alarmDisplayViewResolved -->
  <testcase name="denoiseStrategyAlarmRelevanceRulesEditSelect" time="0.0" classname="com.testcases.VicubeSystem">
    <ignored/>
  </testcase> <!-- denoiseStrategyAlarmRelevanceRulesEditSelect -->
  <testcase name="alarmRecoveryRulesCreateAlarmRecoverySetting" time="0.0" classname="com.testcases.VicubeSystem">
    <ignored/>
  </testcase> <!-- alarmRecoveryRulesCreateAlarmRecoverySetting -->
  <testcase name="concentrateAlarmAlarmSelectHistoryAlarm" time="0.0" classname="com.testcases.VicubeSystem">
    <ignored/>
  </testcase> <!-- concentrateAlarmAlarmSelectHistoryAlarm -->
  <testcase name="alarmDisplayAlarmRank" time="0.0" classname="com.testcases.VicubeSystem">
    <ignored/>
  </testcase> <!-- alarmDisplayAlarmRank -->
  <testcase name="userCreateCancel" time="0.0" classname="com.testcases.VicubeSystem">
    <ignored/>
  </testcase> <!-- userCreateCancel -->
  <testcase name="alarmClassifyRulesCreate" time="0.0" classname="com.testcases.VicubeSystem">
    <ignored/>
  </testcase> <!-- alarmClassifyRulesCreate -->
  <testcase name="alarmUpgradeRulesEditRulesConditionAdvancedSetting" time="0.0" classname="com.testcases.VicubeSystem">
    <ignored/>
  </testcase> <!-- alarmUpgradeRulesEditRulesConditionAdvancedSetting -->
  <testcase name="alarmDisplayForwardShiftingClick" time="0.0" classname="com.testcases.VicubeSystem">
    <ignored/>
  </testcase> <!-- alarmDisplayForwardShiftingClick -->
  <testcase name="denoiseStrategyChooseAlarmRecoveryRules" time="0.0" classname="com.testcases.VicubeSystem">
    <ignored/>
  </testcase> <!-- denoiseStrategyChooseAlarmRecoveryRules -->
  <testcase name="alarmMergeRulesCreateRulesConditionSetting" time="0.0" classname="com.testcases.VicubeSystem">
    <ignored/>
  </testcase> <!-- alarmMergeRulesCreateRulesConditionSetting -->
  <testcase name="denoiseStrategyAlarmUpgradeRulesSelectVerify" time="0.0" classname="com.testcases.VicubeSystem">
    <ignored/>
  </testcase> <!-- denoiseStrategyAlarmUpgradeRulesSelectVerify -->
  <testcase name="concentrateAlarmAlarmInformInformWayEnable" time="0.0" classname="com.testcases.VicubeSystem">
    <ignored/>
  </testcase> <!-- concentrateAlarmAlarmInformInformWayEnable -->
  <testcase name="userAllocationPrivilegeSave" time="0.0" classname="com.testcases.VicubeSystem">
    <ignored/>
  </testcase> <!-- userAllocationPrivilegeSave -->
  <testcase name="userAssignmentGroup" time="0.0" classname="com.testcases.VicubeSystem">
    <ignored/>
  </testcase> <!-- userAssignmentGroup -->
  <testcase name="thresholdStrategyEdit" time="0.0" classname="com.testcases.VicubeSystem">
    <ignored/>
  </testcase> <!-- thresholdStrategyEdit -->
  <testcase name="alarmMergeRulesCreateAlarmMergeSetting" time="0.0" classname="com.testcases.VicubeSystem">
    <ignored/>
  </testcase> <!-- alarmMergeRulesCreateAlarmMergeSetting -->
  <testcase name="concentrateAlarmAlarmSelect" time="0.0" classname="com.testcases.VicubeSystem">
    <ignored/>
  </testcase> <!-- concentrateAlarmAlarmSelect -->
  <testcase name="alarmRecoveryRulesCreateRulesConditionSetting" time="0.0" classname="com.testcases.VicubeSystem">
    <ignored/>
  </testcase> <!-- alarmRecoveryRulesCreateRulesConditionSetting -->
  <testcase name="alarmUpgradeRulesCreateRulesConditionSetting" time="0.0" classname="com.testcases.VicubeSystem">
    <ignored/>
  </testcase> <!-- alarmUpgradeRulesCreateRulesConditionSetting -->
  <testcase name="thresholdStrategyEditSelect" time="0.0" classname="com.testcases.VicubeSystem">
    <ignored/>
  </testcase> <!-- thresholdStrategyEditSelect -->
  <testcase name="thresholdStrategyCreate" time="0.0" classname="com.testcases.VicubeSystem">
    <ignored/>
  </testcase> <!-- thresholdStrategyCreate -->
  <testcase name="alarmMergeRulesCreateBasicSetting" time="0.0" classname="com.testcases.VicubeSystem">
    <ignored/>
  </testcase> <!-- alarmMergeRulesCreateBasicSetting -->
  <testcase name="alarmFilterRulesEditRulesConditionAdvancedSetting" time="0.0" classname="com.testcases.VicubeSystem">
    <ignored/>
  </testcase> <!-- alarmFilterRulesEditRulesConditionAdvancedSetting -->
  <testcase name="alarmRulesDelete" time="0.0" classname="com.testcases.VicubeSystem">
    <ignored/>
  </testcase> <!-- alarmRulesDelete -->
  <testcase name="userGroupChangeState" time="0.0" classname="com.testcases.VicubeSystem">
    <ignored/>
  </testcase> <!-- userGroupChangeState -->
  <testcase name="alarmRulesStartUsing" time="0.0" classname="com.testcases.VicubeSystem">
    <ignored/>
  </testcase> <!-- alarmRulesStartUsing -->
  <testcase name="thresholdStrategyCreateSelect" time="0.0" classname="com.testcases.VicubeSystem">
    <ignored/>
  </testcase> <!-- thresholdStrategyCreateSelect -->
  <testcase name="denoiseStrategyAlarmClassifyRulesSelectVerify" time="0.0" classname="com.testcases.VicubeSystem">
    <ignored/>
  </testcase> <!-- denoiseStrategyAlarmClassifyRulesSelectVerify -->
  <testcase name="clickSelectButton" time="0.0" classname="com.testcases.VicubeSystem">
    <ignored/>
  </testcase> <!-- clickSelectButton -->
  <testcase name="alarmRecoveryRulesEditRulesConditionAdvancedSetting" time="0.0" classname="com.testcases.VicubeSystem">
    <ignored/>
  </testcase> <!-- alarmRecoveryRulesEditRulesConditionAdvancedSetting -->
  <testcase name="userEditSaveSelect" time="0.0" classname="com.testcases.VicubeSystem">
    <ignored/>
  </testcase> <!-- userEditSaveSelect -->
  <testcase name="alarmUpgradeRulesEditRulesConditionSetting" time="0.0" classname="com.testcases.VicubeSystem">
    <ignored/>
  </testcase> <!-- alarmUpgradeRulesEditRulesConditionSetting -->
  <testcase name="alarmScreenCreateRulesConditionAdvancedSetting" time="0.0" classname="com.testcases.VicubeSystem">
    <ignored/>
  </testcase> <!-- alarmScreenCreateRulesConditionAdvancedSetting -->
  <testcase name="userAllocationPrivilege" time="0.0" classname="com.testcases.VicubeSystem">
    <ignored/>
  </testcase> <!-- userAllocationPrivilege -->
  <testcase name="alarmRecoveryRulesEditRulesConditionSetting" time="0.0" classname="com.testcases.VicubeSystem">
    <ignored/>
  </testcase> <!-- alarmRecoveryRulesEditRulesConditionSetting -->
  <testcase name="denoiseStrategyalarmFilterRulesEditSelectVerify" time="0.0" classname="com.testcases.VicubeSystem">
    <ignored/>
  </testcase> <!-- denoiseStrategyalarmFilterRulesEditSelectVerify -->
  <testcase name="alarmDisplayViewEventQuery" time="0.0" classname="com.testcases.VicubeSystem">
    <ignored/>
  </testcase> <!-- alarmDisplayViewEventQuery -->
  <testcase name="alarmRelevanceRulesEditRulesConditionAdvancedSetting" time="0.0" classname="com.testcases.VicubeSystem">
    <ignored/>
  </testcase> <!-- alarmRelevanceRulesEditRulesConditionAdvancedSetting -->
  <testcase name="userManagement" time="0.0" classname="com.testcases.VicubeSystem">
    <ignored/>
  </testcase> <!-- userManagement -->
  <testcase name="auditManagementViewLog" time="0.0" classname="com.testcases.VicubeSystem">
    <ignored/>
  </testcase> <!-- auditManagementViewLog -->
</testsuite> <!-- 告警数量，确认、前转、解决、查看、筛选 -->
